{"total": {"lines":{"total":637,"covered":273,"skipped":0,"pct":42.85},"statements":{"total":685,"covered":295,"skipped":0,"pct":43.06},"functions":{"total":305,"covered":86,"skipped":0,"pct":28.19},"branches":{"total":466,"covered":202,"skipped":0,"pct":43.34},"branchesTrue":{"total":0,"covered":0,"skipped":0,"pct":100}}
,"C:\\Users\\Administrator\\Desktop\\nestystayPLATFORM\\frontend\\src\\components\\AppLink.tsx": {"lines":{"total":10,"covered":2,"skipped":0,"pct":20},"functions":{"total":3,"covered":1,"skipped":0,"pct":33.33},"statements":{"total":10,"covered":2,"skipped":0,"pct":20},"branches":{"total":11,"covered":1,"skipped":0,"pct":9.09}}
,"C:\\Users\\Administrator\\Desktop\\nestystayPLATFORM\\frontend\\src\\components\\ui\\LoadingState.tsx": {"lines":{"total":4,"covered":4,"skipped":0,"pct":100},"functions":{"total":3,"covered":3,"skipped":0,"pct":100},"statements":{"total":4,"covered":4,"skipped":0,"pct":100},"branches":{"total":3,"covered":2,"skipped":0,"pct":66.66}}
,"C:\\Users\\Administrator\\Desktop\\nestystayPLATFORM\\frontend\\src\\features\\booking\\BookingCancelledPage.tsx": {"lines":{"total":11,"covered":10,"skipped":0,"pct":90.9},"functions":{"total":4,"covered":4,"skipped":0,"pct":100},"statements":{"total":14,"covered":12,"skipped":0,"pct":85.71},"branches":{"total":16,"covered":11,"skipped":0,"pct":68.75}}
,"C:\\Users\\Administrator\\Desktop\\nestystayPLATFORM\\frontend\\src\\features\\booking\\BookingCheckoutPage.tsx": {"lines":{"total":64,"covered":40,"skipped":0,"pct":62.5},"functions":{"total":9,"covered":7,"skipped":0,"pct":77.77},"statements":{"total":69,"covered":42,"skipped":0,"pct":60.86},"branches":{"total":67,"covered":31,"skipped":0,"pct":46.26}}
,"C:\\Users\\Administrator\\Desktop\\nestystayPLATFORM\\frontend\\src\\features\\booking\\BookingFailurePage.tsx": {"lines":{"total":18,"covered":16,"skipped":0,"pct":88.88},"functions":{"total":8,"covered":6,"skipped":0,"pct":75},"statements":{"total":23,"covered":19,"skipped":0,"pct":82.6},"branches":{"total":10,"covered":5,"skipped":0,"pct":50}}
,"C:\\Users\\Administrator\\Desktop\\nestystayPLATFORM\\frontend\\src\\features\\booking\\BookingIdentityPage.tsx": {"lines":{"total":19,"covered":1,"skipped":0,"pct":5.26},"functions":{"total":7,"covered":0,"skipped":0,"pct":0},"statements":{"total":21,"covered":1,"skipped":0,"pct":4.76},"branches":{"total":16,"covered":0,"skipped":0,"pct":0}}
,"C:\\Users\\Administrator\\Desktop\\nestystayPLATFORM\\frontend\\src\\features\\booking\\BookingInvoicePage.tsx": {"lines":{"total":29,"covered":12,"skipped":0,"pct":41.37},"functions":{"total":8,"covered":4,"skipped":0,"pct":50},"statements":{"total":35,"covered":15,"skipped":0,"pct":42.85},"branches":{"total":18,"covered":7,"skipped":0,"pct":38.88}}
,"C:\\Users\\Administrator\\Desktop\\nestystayPLATFORM\\frontend\\src\\features\\booking\\BookingPendingPage.tsx": {"lines":{"total":29,"covered":20,"skipped":0,"pct":68.96},"functions":{"total":10,"covered":7,"skipped":0,"pct":70},"statements":{"total":36,"covered":24,"skipped":0,"pct":66.66},"branches":{"total":45,"covered":18,"skipped":0,"pct":40}}
,"C:\\Users\\Administrator\\Desktop\\nestystayPLATFORM\\frontend\\src\\features\\booking\\BookingReceiptPage.tsx": {"lines":{"total":33,"covered":15,"skipped":0,"pct":45.45},"functions":{"total":8,"covered":4,"skipped":0,"pct":50},"statements":{"total":37,"covered":16,"skipped":0,"pct":43.24},"branches":{"total":30,"covered":15,"skipped":0,"pct":50}}
,"C:\\Users\\Administrator\\Desktop\\nestystayPLATFORM\\frontend\\src\\features\\booking\\BookingRejectedPage.tsx": {"lines":{"total":11,"covered":10,"skipped":0,"pct":90.9},"functions":{"total":4,"covered":4,"skipped":0,"pct":100},"statements":{"total":14,"covered":12,"skipped":0,"pct":85.71},"branches":{"total":6,"covered":4,"skipped":0,"pct":66.66}}
,"C:\\Users\\Administrator\\Desktop\\nestystayPLATFORM\\frontend\\src\\features\\booking\\BookingReviewPage.tsx": {"lines":{"total":31,"covered":21,"skipped":0,"pct":67.74},"functions":{"total":7,"covered":5,"skipped":0,"pct":71.42},"statements":{"total":31,"covered":21,"skipped":0,"pct":67.74},"branches":{"total":54,"covered":28,"skipped":0,"pct":51.85}}
,"C:\\Users\\Administrator\\Desktop\\nestystayPLATFORM\\frontend\\src\\features\\booking\\BookingShell.tsx": {"lines":{"total":19,"covered":15,"skipped":0,"pct":78.94},"functions":{"total":9,"covered":6,"skipped":0,"pct":66.66},"statements":{"total":19,"covered":15,"skipped":0,"pct":78.94},"branches":{"total":15,"covered":7,"skipped":0,"pct":46.66}}
,"C:\\Users\\Administrator\\Desktop\\nestystayPLATFORM\\frontend\\src\\features\\booking\\BookingStateContainer.tsx": {"lines":{"total":45,"covered":26,"skipped":0,"pct":57.77},"functions":{"total":11,"covered":5,"skipped":0,"pct":45.45},"statements":{"total":48,"covered":28,"skipped":0,"pct":58.33},"branches":{"total":41,"covered":25,"skipped":0,"pct":60.97}}
,"C:\\Users\\Administrator\\Desktop\\nestystayPLATFORM\\frontend\\src\\features\\booking\\BookingSuccessPage.tsx": {"lines":{"total":38,"covered":20,"skipped":0,"pct":52.63},"functions":{"total":9,"covered":4,"skipped":0,"pct":44.44},"statements":{"total":43,"covered":22,"skipped":0,"pct":51.16},"branches":{"total":39,"covered":17,"skipped":0,"pct":43.58}}
,"C:\\Users\\Administrator\\Desktop\\nestystayPLATFORM\\frontend\\src\\lib\\api.ts": {"lines":{"total":273,"covered":58,"skipped":0,"pct":21.24},"functions":{"total":203,"covered":24,"skipped":0,"pct":11.82},"statements":{"total":278,"covered":59,"skipped":0,"pct":21.22},"branches":{"total":94,"covered":30,"skipped":0,"pct":31.91}}
,"C:\\Users\\Administrator\\Desktop\\nestystayPLATFORM\\frontend\\src\\lib\\stayImages.ts": {"lines":{"total":2,"covered":2,"skipped":0,"pct":100},"functions":{"total":1,"covered":1,"skipped":0,"pct":100},"statements":{"total":2,"covered":2,"skipped":0,"pct":100},"branches":{"total":1,"covered":1,"skipped":0,"pct":100}}
,"C:\\Users\\Administrator\\Desktop\\nestystayPLATFORM\\frontend\\src\\lib\\ui.ts": {"lines":{"total":1,"covered":1,"skipped":0,"pct":100},"functions":{"total":1,"covered":1,"skipped":0,"pct":100},"statements":{"total":1,"covered":1,"skipped":0,"pct":100},"branches":{"total":0,"covered":0,"skipped":0,"pct":100}}
}
