<?xml version="1.0" encoding="utf-8"?>
<TestRun id="a8a5ee02-c66c-4419-931a-cf7c7c301a51" name="Administrator@LAPTOP 2026-08-30 17:54:56" runUser="LAPTOP\Administrator" xmlns="http://microsoft.com/schemas/VisualStudio/TeamTest/2010">
  <Times creation="2026-08-30T17:54:56.3621866+01:00" queuing="2026-08-30T17:54:56.3621870+01:00" start="2026-08-30T17:54:55.6650389+01:00" finish="2026-08-30T17:54:56.3662768+01:00" />
  <TestSettings name="default" id="22f8248a-0f5a-4463-9cc5-474ae5518ee0">
    <Deployment runDeploymentRoot="Administrator_LAPTOP_2026-08-30_17_54_56" />
  </TestSettings>
  <Results>
    <UnitTestResult executionId="2ca4a05a-aa18-4878-a460-f5234367c71b" testId="06bd23b1-a94a-941f-dd7a-18ec957e2875" testName="NestyStay.Domain.Tests.BusinessRulesTests.OfficerPrivacyAndEligibilityRulesAreHardCoded" computerName="LAPTOP" duration="00:00:00.0039594" startTime="2026-08-30T17:54:56.2337283+01:00" endTime="2026-08-30T17:54:56.2431554+01:00" testType="13cdc9d9-ddb5-4fa4-a97d-d965ccfc6d4b" outcome="Passed" testListId="8c84fa94-04c1-424b-9868-57a2d4851a1d" relativeResultsDirectory="2ca4a05a-aa18-4878-a460-f5234367c71b" />
    <UnitTestResult executionId="e77e7695-1276-4de9-b915-3567a8c9e33a" testId="ac6285f9-7166-beb5-6bab-858fa8214e71" testName="NestyStay.Domain.Tests.BusinessRulesTests.PaymentCaptureIsOnlyAllowedAfterApproval" computerName="LAPTOP" duration="00:00:00.0001985" startTime="2026-08-30T17:54:56.2549669+01:00" endTime="2026-08-30T17:54:56.2550012+01:00" testType="13cdc9d9-ddb5-4fa4-a97d-d965ccfc6d4b" outcome="Passed" testListId="8c84fa94-04c1-424b-9868-57a2d4851a1d" relativeResultsDirectory="e77e7695-1276-4de9-b915-3567a8c9e33a" />
    <UnitTestResult executionId="1ea526ec-3084-40f8-a196-2b01876b2f00" testId="4da58d50-c74c-3096-0501-78b4a233c480" testName="NestyStay.Domain.Tests.BusinessRulesTests.BusinessRatingPolicyMatchesMasterSpec" computerName="LAPTOP" duration="00:00:00.0037649" startTime="2026-08-30T17:54:56.2540794+01:00" endTime="2026-08-30T17:54:56.2541681+01:00" testType="13cdc9d9-ddb5-4fa4-a97d-d965ccfc6d4b" outcome="Passed" testListId="8c84fa94-04c1-424b-9868-57a2d4851a1d" relativeResultsDirectory="1ea526ec-3084-40f8-a196-2b01876b2f00" />
    <UnitTestResult executionId="250fb4b3-b0ba-4ae6-9d5f-890c29b9aac2" testId="fb52beb7-69cb-3f52-c520-def3d24a313b" testName="NestyStay.Domain.Tests.BusinessRulesTests.ManagerCannotViewUnitRentalIncome" computerName="LAPTOP" duration="00:00:00.0000993" startTime="2026-08-30T17:54:56.2547171+01:00" endTime="2026-08-30T17:54:56.2547567+01:00" testType="13cdc9d9-ddb5-4fa4-a97d-d965ccfc6d4b" outcome="Passed" testListId="8c84fa94-04c1-424b-9868-57a2d4851a1d" relativeResultsDirectory="250fb4b3-b0ba-4ae6-9d5f-890c29b9aac2" />
    <UnitTestResult executionId="ed22e57c-b321-4424-9b21-4d2375690cb1" testId="ff33f070-84f2-ce31-01c8-b9ff0a046c6f" testName="NestyStay.Domain.Tests.BusinessRulesTests.FoundingTransferRequiresGoodStandingAndReceipt" computerName="LAPTOP" duration="00:00:00.0001257" startTime="2026-08-30T17:54:56.2548416+01:00" endTime="2026-08-30T17:54:56.2549035+01:00" testType="13cdc9d9-ddb5-4fa4-a97d-d965ccfc6d4b" outcome="Passed" testListId="8c84fa94-04c1-424b-9868-57a2d4851a1d" relativeResultsDirectory="ed22e57c-b321-4424-9b21-4d2375690cb1" />
  </Results>
  <TestDefinitions>
    <UnitTest name="NestyStay.Domain.Tests.BusinessRulesTests.FoundingTransferRequiresGoodStandingAndReceipt" storage="c:\users\administrator\desktop\nestystayplatform\backend\tests\nestystay.domain.tests\bin\debug\net10.0\nestystay.domain.tests.dll" id="ff33f070-84f2-ce31-01c8-b9ff0a046c6f">
      <Execution id="ed22e57c-b321-4424-9b21-4d2375690cb1" />
      <TestMethod codeBase="C:\Users\Administrator\Desktop\nestystayPLATFORM\backend\tests\NestyStay.Domain.Tests\bin\Debug\net10.0\NestyStay.Domain.Tests.dll" adapterTypeName="executor://xunit/VsTestRunner3/netcore/" className="NestyStay.Domain.Tests.BusinessRulesTests" name="FoundingTransferRequiresGoodStandingAndReceipt" />
    </UnitTest>
    <UnitTest name="NestyStay.Domain.Tests.BusinessRulesTests.OfficerPrivacyAndEligibilityRulesAreHardCoded" storage="c:\users\administrator\desktop\nestystayplatform\backend\tests\nestystay.domain.tests\bin\debug\net10.0\nestystay.domain.tests.dll" id="06bd23b1-a94a-941f-dd7a-18ec957e2875">
      <Execution id="2ca4a05a-aa18-4878-a460-f5234367c71b" />
      <TestMethod codeBase="C:\Users\Administrator\Desktop\nestystayPLATFORM\backend\tests\NestyStay.Domain.Tests\bin\Debug\net10.0\NestyStay.Domain.Tests.dll" adapterTypeName="executor://xunit/VsTestRunner3/netcore/" className="NestyStay.Domain.Tests.BusinessRulesTests" name="OfficerPrivacyAndEligibilityRulesAreHardCoded" />
    </UnitTest>
    <UnitTest name="NestyStay.Domain.Tests.BusinessRulesTests.BusinessRatingPolicyMatchesMasterSpec" storage="c:\users\administrator\desktop\nestystayplatform\backend\tests\nestystay.domain.tests\bin\debug\net10.0\nestystay.domain.tests.dll" id="4da58d50-c74c-3096-0501-78b4a233c480">
      <Execution id="1ea526ec-3084-40f8-a196-2b01876b2f00" />
      <TestMethod codeBase="C:\Users\Administrator\Desktop\nestystayPLATFORM\backend\tests\NestyStay.Domain.Tests\bin\Debug\net10.0\NestyStay.Domain.Tests.dll" adapterTypeName="executor://xunit/VsTestRunner3/netcore/" className="NestyStay.Domain.Tests.BusinessRulesTests" name="BusinessRatingPolicyMatchesMasterSpec" />
    </UnitTest>
    <UnitTest name="NestyStay.Domain.Tests.BusinessRulesTests.PaymentCaptureIsOnlyAllowedAfterApproval" storage="c:\users\administrator\desktop\nestystayplatform\backend\tests\nestystay.domain.tests\bin\debug\net10.0\nestystay.domain.tests.dll" id="ac6285f9-7166-beb5-6bab-858fa8214e71">
      <Execution id="e77e7695-1276-4de9-b915-3567a8c9e33a" />
      <TestMethod codeBase="C:\Users\Administrator\Desktop\nestystayPLATFORM\backend\tests\NestyStay.Domain.Tests\bin\Debug\net10.0\NestyStay.Domain.Tests.dll" adapterTypeName="executor://xunit/VsTestRunner3/netcore/" className="NestyStay.Domain.Tests.BusinessRulesTests" name="PaymentCaptureIsOnlyAllowedAfterApproval" />
    </UnitTest>
    <UnitTest name="NestyStay.Domain.Tests.BusinessRulesTests.ManagerCannotViewUnitRentalIncome" storage="c:\users\administrator\desktop\nestystayplatform\backend\tests\nestystay.domain.tests\bin\debug\net10.0\nestystay.domain.tests.dll" id="fb52beb7-69cb-3f52-c520-def3d24a313b">
      <Execution id="250fb4b3-b0ba-4ae6-9d5f-890c29b9aac2" />
      <TestMethod codeBase="C:\Users\Administrator\Desktop\nestystayPLATFORM\backend\tests\NestyStay.Domain.Tests\bin\Debug\net10.0\NestyStay.Domain.Tests.dll" adapterTypeName="executor://xunit/VsTestRunner3/netcore/" className="NestyStay.Domain.Tests.BusinessRulesTests" name="ManagerCannotViewUnitRentalIncome" />
    </UnitTest>
  </TestDefinitions>
  <TestEntries>
    <TestEntry testId="06bd23b1-a94a-941f-dd7a-18ec957e2875" executionId="2ca4a05a-aa18-4878-a460-f5234367c71b" testListId="8c84fa94-04c1-424b-9868-57a2d4851a1d" />
    <TestEntry testId="ac6285f9-7166-beb5-6bab-858fa8214e71" executionId="e77e7695-1276-4de9-b915-3567a8c9e33a" testListId="8c84fa94-04c1-424b-9868-57a2d4851a1d" />
    <TestEntry testId="4da58d50-c74c-3096-0501-78b4a233c480" executionId="1ea526ec-3084-40f8-a196-2b01876b2f00" testListId="8c84fa94-04c1-424b-9868-57a2d4851a1d" />
    <TestEntry testId="fb52beb7-69cb-3f52-c520-def3d24a313b" executionId="250fb4b3-b0ba-4ae6-9d5f-890c29b9aac2" testListId="8c84fa94-04c1-424b-9868-57a2d4851a1d" />
    <TestEntry testId="ff33f070-84f2-ce31-01c8-b9ff0a046c6f" executionId="ed22e57c-b321-4424-9b21-4d2375690cb1" testListId="8c84fa94-04c1-424b-9868-57a2d4851a1d" />
  </TestEntries>
  <TestLists>
    <TestList name="Results Not in a List" id="8c84fa94-04c1-424b-9868-57a2d4851a1d" />
    <TestList name="All Loaded Results" id="19431567-8539-422a-85d7-44ee4e166bda" />
  </TestLists>
  <ResultSummary outcome="Completed">
    <Counters total="5" executed="5" passed="5" failed="0" error="0" timeout="0" aborted="0" inconclusive="0" passedButRunAborted="0" notRunnable="0" notExecuted="0" disconnected="0" warning="0" completed="0" inProgress="0" pending="0" />
    <Output>
      <StdOut>[xUnit.net 00:00:00.00] xUnit.net VSTest Adapter v3.1.5+1b188a7b0a (64-bit .NET 10.0.10)&#xD;
[xUnit.net 00:00:00.07]   Discovering: NestyStay.Domain.Tests&#xD;
[xUnit.net 00:00:00.10]   Discovered:  NestyStay.Domain.Tests&#xD;
[xUnit.net 00:00:00.12]   Starting:    NestyStay.Domain.Tests&#xD;
[xUnit.net 00:00:00.17]   Finished:    NestyStay.Domain.Tests&#xD;
</StdOut>
    </Output>
  </ResultSummary>
</TestRun>