<?xml version="1.0" encoding="utf-8"?>
<TestRun id="51aa221a-82a4-4180-a848-cf81b2044508" name="Administrator@LAPTOP 2026-08-30 17:54:56" runUser="LAPTOP\Administrator" xmlns="http://microsoft.com/schemas/VisualStudio/TeamTest/2010">
  <Times creation="2026-08-30T17:54:56.3507187+01:00" queuing="2026-08-30T17:54:56.3507191+01:00" start="2026-08-30T17:54:55.6650363+01:00" finish="2026-08-30T17:55:01.3726922+01:00" />
  <TestSettings name="default" id="68c0084a-0330-464b-b8e3-e97537f24cce">
    <Deployment runDeploymentRoot="Administrator_LAPTOP_2026-08-30_17_54_56" />
  </TestSettings>
  <Results>
    <UnitTestResult executionId="1c384f6b-ef4a-4fa0-bebf-c061e0f92d7d" testId="db95b519-82da-c73a-71d4-55a0507ea671" testName="NestyStay.Api.Tests.PhaseTwoEndpointTests.AdminMutationEndpointsRequireAdminBearerToken" computerName="LAPTOP" duration="00:00:01.2447964" startTime="2026-08-30T17:54:56.8739555+01:00" endTime="2026-08-30T17:54:58.1190675+01:00" testType="13cdc9d9-ddb5-4fa4-a97d-d965ccfc6d4b" outcome="Passed" testListId="8c84fa94-04c1-424b-9868-57a2d4851a1d" relativeResultsDirectory="1c384f6b-ef4a-4fa0-bebf-c061e0f92d7d" />
    <UnitTestResult executionId="0e2d5dce-4522-48fc-a77b-fdc9eef924aa" testId="23f38971-c222-3798-1708-408fffdeb41a" testName="NestyStay.Api.Tests.WebhookSecurityTests.GenericWebhookRejectsMissingSecretInProduction" computerName="LAPTOP" duration="00:00:00.0017743" startTime="2026-08-30T17:54:56.3264214+01:00" endTime="2026-08-30T17:54:56.3264861+01:00" testType="13cdc9d9-ddb5-4fa4-a97d-d965ccfc6d4b" outcome="Passed" testListId="8c84fa94-04c1-424b-9868-57a2d4851a1d" relativeResultsDirectory="0e2d5dce-4522-48fc-a77b-fdc9eef924aa" />
    <UnitTestResult executionId="43f9d58c-4735-4f86-8414-89fc301b1eab" testId="ef05a491-6a22-937f-d1a3-6fe89aaafe5d" testName="NestyStay.Api.Tests.BadgeAuthorizationTests.PropertyCreationUsesAuthenticatedHostIdentityAndActiveBadge" computerName="LAPTOP" duration="00:00:00.1916718" startTime="2026-08-30T17:54:58.4309581+01:00" endTime="2026-08-30T17:54:58.6231760+01:00" testType="13cdc9d9-ddb5-4fa4-a97d-d965ccfc6d4b" outcome="Passed" testListId="8c84fa94-04c1-424b-9868-57a2d4851a1d" relativeResultsDirectory="43f9d58c-4735-4f86-8414-89fc301b1eab" />
    <UnitTestResult executionId="3cdc59b3-4986-49c1-9c1a-4a7a8b6029e5" testId="a622d929-8025-9416-398a-872dee8ba707" testName="NestyStay.Api.Tests.SpecCompletionEndpointTests.TravelerMessagingDirectoryHostAndAdminMilestoneApisPersistAndEnforceAuthorization" computerName="LAPTOP" duration="00:00:03.7073687" startTime="2026-08-30T17:54:56.2797168+01:00" endTime="2026-08-30T17:54:59.9856667+01:00" testType="13cdc9d9-ddb5-4fa4-a97d-d965ccfc6d4b" outcome="Passed" testListId="8c84fa94-04c1-424b-9868-57a2d4851a1d" relativeResultsDirectory="3cdc59b3-4986-49c1-9c1a-4a7a8b6029e5" />
    <UnitTestResult executionId="a2b3675d-62fb-4e27-8c41-9c0b6de78fdc" testId="20bc463e-822d-d075-fb6d-b2876497d670" testName="NestyStay.Api.Tests.SignedAccessTokenSecurityTests.SignedTokenServiceUsesCurrentKeyAndAcceptsConfiguredRotationKeys" computerName="LAPTOP" duration="00:00:00.0030721" startTime="2026-08-30T17:54:58.5811248+01:00" endTime="2026-08-30T17:54:58.5840359+01:00" testType="13cdc9d9-ddb5-4fa4-a97d-d965ccfc6d4b" outcome="Passed" testListId="8c84fa94-04c1-424b-9868-57a2d4851a1d" relativeResultsDirectory="a2b3675d-62fb-4e27-8c41-9c0b6de78fdc" />
    <UnitTestResult executionId="4bdd904a-c301-479d-81ce-8c6558cf1365" testId="fe763440-2734-22a4-0058-4285de96e7eb" testName="NestyStay.Api.Tests.HealthEndpointTests.HealthEndpointReturnsOk" computerName="LAPTOP" duration="00:00:00.0036516" startTime="2026-08-30T17:54:59.6879916+01:00" endTime="2026-08-30T17:54:59.6919757+01:00" testType="13cdc9d9-ddb5-4fa4-a97d-d965ccfc6d4b" outcome="Passed" testListId="8c84fa94-04c1-424b-9868-57a2d4851a1d" relativeResultsDirectory="4bdd904a-c301-479d-81ce-8c6558cf1365" />
    <UnitTestResult executionId="6c46bbe9-4612-43ac-a37e-f745393ae9d7" testId="a40fe7f9-4e6e-f511-0ddd-f74f131a569f" testName="NestyStay.Api.Tests.SignedAccessTokenSecurityTests.AdminEndpointsRejectSignedNonAdminTokensAndAcceptConfiguredAdminToken" computerName="LAPTOP" duration="00:00:02.0779133" startTime="2026-08-30T17:54:56.3113083+01:00" endTime="2026-08-30T17:54:58.3561958+01:00" testType="13cdc9d9-ddb5-4fa4-a97d-d965ccfc6d4b" outcome="Passed" testListId="8c84fa94-04c1-424b-9868-57a2d4851a1d" relativeResultsDirectory="6c46bbe9-4612-43ac-a37e-f745393ae9d7" />
    <UnitTestResult executionId="d361237b-aa63-44ce-b80f-0a3a8f9b3647" testId="03d06a59-784b-9708-93ef-f385639a2cfa" testName="NestyStay.Api.Tests.WellnessEndpointTests.OfficerOnboardingAndAdminVerificationEnforceMilestoneRules" computerName="LAPTOP" duration="00:00:02.2582627" startTime="2026-08-30T17:54:56.2779503+01:00" endTime="2026-08-30T17:54:58.5364116+01:00" testType="13cdc9d9-ddb5-4fa4-a97d-d965ccfc6d4b" outcome="Passed" testListId="8c84fa94-04c1-424b-9868-57a2d4851a1d" relativeResultsDirectory="d361237b-aa63-44ce-b80f-0a3a8f9b3647" />
    <UnitTestResult executionId="35d7feba-9fdb-4977-b0a9-9aac4bce34e5" testId="a8cc15a0-ca29-c54c-358b-1577b597e3e3" testName="NestyStay.Api.Tests.M3M4EndpointTests.WellnessSubscriptionUsesContractPriceAndRenewalIsIdempotentWhileActive" computerName="LAPTOP" duration="00:00:00.1135715" startTime="2026-08-30T17:54:58.5422877+01:00" endTime="2026-08-30T17:54:58.6562251+01:00" testType="13cdc9d9-ddb5-4fa4-a97d-d965ccfc6d4b" outcome="Passed" testListId="8c84fa94-04c1-424b-9868-57a2d4851a1d" relativeResultsDirectory="35d7feba-9fdb-4977-b0a9-9aac4bce34e5" />
    <UnitTestResult executionId="0e66128c-6252-4b96-9208-3942da9aa090" testId="f07168be-53ef-6bc4-fbc1-29c35e0b05a2" testName="NestyStay.Api.Tests.M3M4EndpointTests.DirectoryProviderRequiresModerationAndPoliceUsesBadgeOnly" computerName="LAPTOP" duration="00:00:01.8869236" startTime="2026-08-30T17:54:56.3113962+01:00" endTime="2026-08-30T17:54:58.1652522+01:00" testType="13cdc9d9-ddb5-4fa4-a97d-d965ccfc6d4b" outcome="Passed" testListId="8c84fa94-04c1-424b-9868-57a2d4851a1d" relativeResultsDirectory="0e66128c-6252-4b96-9208-3942da9aa090" />
    <UnitTestResult executionId="04748d85-eda4-4300-b48e-4abd645490bf" testId="f5032dc0-1f1e-fedb-a8f2-bc572f128b38" testName="NestyStay.Api.Tests.WebhookSecurityTests.StripeWrapperWebhookIsRejectedInProduction" computerName="LAPTOP" duration="00:00:00.0006286" startTime="2026-08-30T17:54:56.3272843+01:00" endTime="2026-08-30T17:54:56.3273397+01:00" testType="13cdc9d9-ddb5-4fa4-a97d-d965ccfc6d4b" outcome="Passed" testListId="8c84fa94-04c1-424b-9868-57a2d4851a1d" relativeResultsDirectory="04748d85-eda4-4300-b48e-4abd645490bf" />
    <UnitTestResult executionId="db4d862f-aaf3-4445-b5da-b7325fc9bcd3" testId="174a288d-db39-1bbf-c11d-0b7abaab357c" testName="NestyStay.Api.Tests.HealthEndpointTests.RecoveryCodeCanCompleteTwoFactorOnce" computerName="LAPTOP" duration="00:00:00.0853633" startTime="2026-08-30T17:54:59.9406831+01:00" endTime="2026-08-30T17:55:00.0263888+01:00" testType="13cdc9d9-ddb5-4fa4-a97d-d965ccfc6d4b" outcome="Passed" testListId="8c84fa94-04c1-424b-9868-57a2d4851a1d" relativeResultsDirectory="db4d862f-aaf3-4445-b5da-b7325fc9bcd3" />
    <UnitTestResult executionId="fc802e58-8a00-4e21-86a3-b420f5ce314f" testId="47afa8a5-f0a8-7cf1-4f57-6918bafc2edf" testName="NestyStay.Api.Tests.SecurityHeadersTests.NonDevelopmentResponsesContainStrictSecurityHeaders" computerName="LAPTOP" duration="00:00:00.5624328" startTime="2026-08-30T17:54:56.2779331+01:00" endTime="2026-08-30T17:54:56.8459515+01:00" testType="13cdc9d9-ddb5-4fa4-a97d-d965ccfc6d4b" outcome="Passed" testListId="8c84fa94-04c1-424b-9868-57a2d4851a1d" relativeResultsDirectory="fc802e58-8a00-4e21-86a3-b420f5ce314f" />
    <UnitTestResult executionId="b6f75f60-e92f-4875-80c4-1d4221ff42ea" testId="99c42aba-44af-430f-4302-ec361fb3cb34" testName="NestyStay.Api.Tests.M3M4EndpointTests.QrLifecycleBindsToApprovedBookingAndRejectsWrongPropertyAndRevocation" computerName="LAPTOP" duration="00:00:00.5741965" startTime="2026-08-30T17:54:58.6570490+01:00" endTime="2026-08-30T17:54:59.2309837+01:00" testType="13cdc9d9-ddb5-4fa4-a97d-d965ccfc6d4b" outcome="Passed" testListId="8c84fa94-04c1-424b-9868-57a2d4851a1d" relativeResultsDirectory="b6f75f60-e92f-4875-80c4-1d4221ff42ea" />
    <UnitTestResult executionId="8e1df1b7-4f97-4a49-93cd-cc6799d5e84c" testId="4e49918d-5d1e-9f2d-6fcb-2c3c59d54f6f" testName="NestyStay.Api.Tests.WebhookSecurityTests.GenericWebhookAcceptsMatchingSecretInProduction" computerName="LAPTOP" duration="00:00:00.0041586" startTime="2026-08-30T17:54:56.3279430+01:00" endTime="2026-08-30T17:54:56.3281562+01:00" testType="13cdc9d9-ddb5-4fa4-a97d-d965ccfc6d4b" outcome="Passed" testListId="8c84fa94-04c1-424b-9868-57a2d4851a1d" relativeResultsDirectory="8e1df1b7-4f97-4a49-93cd-cc6799d5e84c" />
    <UnitTestResult executionId="4163c976-3849-4be0-8072-a308761a62dc" testId="f1723ab8-55c3-099a-b63e-6d1b54c3d338" testName="NestyStay.Api.Tests.PhaseTwoEndpointTests.AllAdminOnlyMutationEndpointsRejectMissingBearerToken" computerName="LAPTOP" duration="00:00:00.5953650" startTime="2026-08-30T17:54:56.2779642+01:00" endTime="2026-08-30T17:54:56.8736929+01:00" testType="13cdc9d9-ddb5-4fa4-a97d-d965ccfc6d4b" outcome="Passed" testListId="8c84fa94-04c1-424b-9868-57a2d4851a1d" relativeResultsDirectory="4163c976-3849-4be0-8072-a308761a62dc" />
    <UnitTestResult executionId="7085b511-67bc-4037-87a2-15157cce5176" testId="2d3222b2-e5e7-3441-7e94-a5ccfefc71ca" testName="NestyStay.Api.Tests.M3M4EndpointTests.ProviderSelfServiceRegistrationCreatesAReviewableDirectoryProfile" computerName="LAPTOP" duration="00:00:00.0553248" startTime="2026-08-30T17:54:59.2386080+01:00" endTime="2026-08-30T17:54:59.2942725+01:00" testType="13cdc9d9-ddb5-4fa4-a97d-d965ccfc6d4b" outcome="Passed" testListId="8c84fa94-04c1-424b-9868-57a2d4851a1d" relativeResultsDirectory="7085b511-67bc-4037-87a2-15157cce5176" />
    <UnitTestResult executionId="d9381cf6-9fb6-4aee-ac7a-f9ced4ea7453" testId="9c956c4d-b372-c07b-db77-cd1bbe4b720a" testName="NestyStay.Api.Tests.SignedAccessTokenSecurityTests.ProductionValidatorRequiresExternalizedLiveSecretsOnlyInProduction" computerName="LAPTOP" duration="00:00:00.0100099" startTime="2026-08-30T17:54:58.4220140+01:00" endTime="2026-08-30T17:54:58.4319531+01:00" testType="13cdc9d9-ddb5-4fa4-a97d-d965ccfc6d4b" outcome="Passed" testListId="8c84fa94-04c1-424b-9868-57a2d4851a1d" relativeResultsDirectory="d9381cf6-9fb6-4aee-ac7a-f9ced4ea7453" />
    <UnitTestResult executionId="44c96a78-7131-4d14-a53b-b2ab9de4e3d7" testId="abcf6998-aefa-dfc1-3962-88664b2da951" testName="NestyStay.Api.Tests.ApiExceptionMiddlewareTests.InvalidOperationWithRateLimitLikeMessageStillMapsToBadRequest" computerName="LAPTOP" duration="00:00:00.0022720" startTime="2026-08-30T17:54:56.3370707+01:00" endTime="2026-08-30T17:54:56.3371196+01:00" testType="13cdc9d9-ddb5-4fa4-a97d-d965ccfc6d4b" outcome="Passed" testListId="8c84fa94-04c1-424b-9868-57a2d4851a1d" relativeResultsDirectory="44c96a78-7131-4d14-a53b-b2ab9de4e3d7" />
    <UnitTestResult executionId="f435dd1b-9eda-4a40-9776-1b1aad43e250" testId="47aab41e-8de5-1816-a122-90a49ee228b8" testName="NestyStay.Api.Tests.ApiExceptionMiddlewareTests.BookingStateConflictMapsToConflictProblemDetails" computerName="LAPTOP" duration="00:00:00.0059258" startTime="2026-08-30T17:54:56.3284759+01:00" endTime="2026-08-30T17:54:56.3307698+01:00" testType="13cdc9d9-ddb5-4fa4-a97d-d965ccfc6d4b" outcome="Passed" testListId="8c84fa94-04c1-424b-9868-57a2d4851a1d" relativeResultsDirectory="f435dd1b-9eda-4a40-9776-1b1aad43e250" />
    <UnitTestResult executionId="89b39f91-04de-49c4-845d-d1179e2775b3" testId="814f487a-7ddb-313d-5c74-0aad8158e575" testName="NestyStay.Api.Tests.AdminIdentityEndpointTests.SelfServiceRegistrationRejectsAdministratorRole" computerName="LAPTOP" duration="00:00:00.1343171" startTime="2026-08-30T17:54:58.1356047+01:00" endTime="2026-08-30T17:54:58.2703169+01:00" testType="13cdc9d9-ddb5-4fa4-a97d-d965ccfc6d4b" outcome="Passed" testListId="8c84fa94-04c1-424b-9868-57a2d4851a1d" relativeResultsDirectory="89b39f91-04de-49c4-845d-d1179e2775b3" />
    <UnitTestResult executionId="d63ef78c-6f59-46e9-91b1-576afd304116" testId="57660780-ffe7-7828-b5e9-edcda66e1aeb" testName="NestyStay.Api.Tests.HealthEndpointTests.TwoFactorEnrollmentRequiresValidTotpAndReturnsOneTimeRecoveryCodes" computerName="LAPTOP" duration="00:00:00.0653067" startTime="2026-08-30T17:54:59.8748428+01:00" endTime="2026-08-30T17:54:59.9405040+01:00" testType="13cdc9d9-ddb5-4fa4-a97d-d965ccfc6d4b" outcome="Passed" testListId="8c84fa94-04c1-424b-9868-57a2d4851a1d" relativeResultsDirectory="d63ef78c-6f59-46e9-91b1-576afd304116" />
    <UnitTestResult executionId="0243d7b0-0e41-4416-9fda-28acda793a19" testId="a09cd3cc-e09f-0f8d-7e1a-f689f90bdf75" testName="NestyStay.Api.Tests.BadgeAuthorizationTests.BadgeMutationsRejectAnonymousAndHostControlledEligibilityFacts" computerName="LAPTOP" duration="00:00:00.0435702" startTime="2026-08-30T17:54:58.2456408+01:00" endTime="2026-08-30T17:54:58.2896883+01:00" testType="13cdc9d9-ddb5-4fa4-a97d-d965ccfc6d4b" outcome="Passed" testListId="8c84fa94-04c1-424b-9868-57a2d4851a1d" relativeResultsDirectory="0243d7b0-0e41-4416-9fda-28acda793a19" />
    <UnitTestResult executionId="a17a9500-1574-4504-b84a-c58b58e6163d" testId="e799a68c-81c4-2b5c-8219-ef10bad59928" testName="NestyStay.Api.Tests.HealthEndpointTests.BackendSchemaEndpointReturnsRules" computerName="LAPTOP" duration="00:00:00.0041325" startTime="2026-08-30T17:54:59.6834032+01:00" endTime="2026-08-30T17:54:59.6878432+01:00" testType="13cdc9d9-ddb5-4fa4-a97d-d965ccfc6d4b" outcome="Passed" testListId="8c84fa94-04c1-424b-9868-57a2d4851a1d" relativeResultsDirectory="a17a9500-1574-4504-b84a-c58b58e6163d" />
    <UnitTestResult executionId="966afb30-e54b-45cc-a8f4-9adf326bbe7c" testId="9d922cd9-ce9a-2d6b-5192-53f5441ed550" testName="NestyStay.Api.Tests.HealthEndpointTests.PhaseOneEndpointsSupportRegistrationListingAndPendingBooking" computerName="LAPTOP" duration="00:00:01.2167740" startTime="2026-08-30T17:54:58.4662172+01:00" endTime="2026-08-30T17:54:59.6832407+01:00" testType="13cdc9d9-ddb5-4fa4-a97d-d965ccfc6d4b" outcome="Passed" testListId="8c84fa94-04c1-424b-9868-57a2d4851a1d" relativeResultsDirectory="966afb30-e54b-45cc-a8f4-9adf326bbe7c" />
    <UnitTestResult executionId="e198352e-41a4-4c49-8ed6-c3150c4c940d" testId="f32e10b1-0e15-6035-d018-2c8aaeed7515" testName="NestyStay.Api.Tests.WebhookSecurityTests.StripeRawWebhookRejectsInvalidSignatureInProduction" computerName="LAPTOP" duration="00:00:00.0004911" startTime="2026-08-30T17:54:56.3275212+01:00" endTime="2026-08-30T17:54:56.3275792+01:00" testType="13cdc9d9-ddb5-4fa4-a97d-d965ccfc6d4b" outcome="Passed" testListId="8c84fa94-04c1-424b-9868-57a2d4851a1d" relativeResultsDirectory="e198352e-41a4-4c49-8ed6-c3150c4c940d" />
    <UnitTestResult executionId="cfc4d680-efa2-43c7-b349-7537b7baa461" testId="b4078be6-ed82-8dac-5dbe-f18938580bf0" testName="NestyStay.Api.Tests.WebhookSecurityTests.StripeRawWebhookPersistsSignedEventAndMarksDuplicateReplay" computerName="LAPTOP" duration="00:00:00.0345786" startTime="2026-08-30T17:54:56.2659776+01:00" endTime="2026-08-30T17:54:56.3121724+01:00" testType="13cdc9d9-ddb5-4fa4-a97d-d965ccfc6d4b" outcome="Passed" testListId="8c84fa94-04c1-424b-9868-57a2d4851a1d" relativeResultsDirectory="cfc4d680-efa2-43c7-b349-7537b7baa461" />
    <UnitTestResult executionId="1eab1a45-bc57-4706-bd6a-6c573f4c4072" testId="0067ee4e-f29e-9252-8079-121bdac5b6b2" testName="NestyStay.Api.Tests.HealthEndpointTests.TwoFactorCanBeDisabledWithRecoveryCodeAndReturnsDirectLoginSession" computerName="LAPTOP" duration="00:00:02.1878530" startTime="2026-08-30T17:54:56.2795728+01:00" endTime="2026-08-30T17:54:58.4660066+01:00" testType="13cdc9d9-ddb5-4fa4-a97d-d965ccfc6d4b" outcome="Passed" testListId="8c84fa94-04c1-424b-9868-57a2d4851a1d" relativeResultsDirectory="1eab1a45-bc57-4706-bd6a-6c573f4c4072" />
    <UnitTestResult executionId="9f6cc0e4-70a9-4385-8bb7-3a7bf0871548" testId="1a06195c-6e3d-6912-58fc-8752e9cb8f28" testName="NestyStay.Api.Tests.M3M4EndpointTests.PoliceDirectoryRequiresWellnessHostAccessAndOfficerRegistrationBindsIdentity" computerName="LAPTOP" duration="00:00:00.3291177" startTime="2026-08-30T17:54:58.1656004+01:00" endTime="2026-08-30T17:54:58.4950767+01:00" testType="13cdc9d9-ddb5-4fa4-a97d-d965ccfc6d4b" outcome="Passed" testListId="8c84fa94-04c1-424b-9868-57a2d4851a1d" relativeResultsDirectory="9f6cc0e4-70a9-4385-8bb7-3a7bf0871548" />
    <UnitTestResult executionId="0576fdf6-b870-43c6-8ad9-4e0f35d733c3" testId="dea9a08c-6450-3a8e-54f5-3b3fcb222503" testName="NestyStay.Api.Tests.WebhookSecurityTests.StripeRawWebhookAppliesPaymentIntentUpdatesToBookingStore" computerName="LAPTOP" duration="00:00:00.0083922" startTime="2026-08-30T17:54:56.3283192+01:00" endTime="2026-08-30T17:54:56.3285135+01:00" testType="13cdc9d9-ddb5-4fa4-a97d-d965ccfc6d4b" outcome="Passed" testListId="8c84fa94-04c1-424b-9868-57a2d4851a1d" relativeResultsDirectory="0576fdf6-b870-43c6-8ad9-4e0f35d733c3" />
    <UnitTestResult executionId="70d63720-d07f-43a0-8c87-e763afacee79" testId="d63d2493-5d63-c758-534e-fab7a6bf5a28" testName="NestyStay.Api.Tests.M3M4EndpointTests.QrValidationRejectsForgedAndMalformedTokensWithoutLeakingIdentity" computerName="LAPTOP" duration="00:00:00.0069542" startTime="2026-08-30T17:54:59.2311614+01:00" endTime="2026-08-30T17:54:59.2384418+01:00" testType="13cdc9d9-ddb5-4fa4-a97d-d965ccfc6d4b" outcome="Passed" testListId="8c84fa94-04c1-424b-9868-57a2d4851a1d" relativeResultsDirectory="70d63720-d07f-43a0-8c87-e763afacee79" />
    <UnitTestResult executionId="720402f8-5f21-49a7-8f8a-ec05da845c32" testId="bc880e19-5001-131e-4b89-93809d9a2b13" testName="NestyStay.Api.Tests.AdminIdentityEndpointTests.TotpEnabledAdministratorMustCompleteChallengeBeforeSessionIsIssued" computerName="LAPTOP" duration="00:00:00.3133978" startTime="2026-08-30T17:54:58.2706185+01:00" endTime="2026-08-30T17:54:58.5843295+01:00" testType="13cdc9d9-ddb5-4fa4-a97d-d965ccfc6d4b" outcome="Passed" testListId="8c84fa94-04c1-424b-9868-57a2d4851a1d" relativeResultsDirectory="720402f8-5f21-49a7-8f8a-ec05da845c32" />
    <UnitTestResult executionId="c10fe55d-bca2-465f-917f-57c362d91c06" testId="9642adec-7efc-7024-c3db-c354e0d6e2fa" testName="NestyStay.Api.Tests.SpecCompletionEndpointTests.PublicContentExperiencesJournalAndAuthFlowsArePersistedAndValidated" computerName="LAPTOP" duration="00:00:00.2496953" startTime="2026-08-30T17:54:59.9858205+01:00" endTime="2026-08-30T17:55:00.2358918+01:00" testType="13cdc9d9-ddb5-4fa4-a97d-d965ccfc6d4b" outcome="Passed" testListId="8c84fa94-04c1-424b-9868-57a2d4851a1d" relativeResultsDirectory="c10fe55d-bca2-465f-917f-57c362d91c06" />
    <UnitTestResult executionId="98a909b3-20f6-478e-b8a0-c42cb8377565" testId="5451a9f7-adeb-aa83-1391-0eb1d9f660a9" testName="NestyStay.Api.Tests.SecurityHeadersTests.DevelopmentKeepsOpenApiUsableWithoutProductionHeaders" computerName="LAPTOP" duration="00:00:00.6187395" startTime="2026-08-30T17:54:56.8479189+01:00" endTime="2026-08-30T17:54:57.4671130+01:00" testType="13cdc9d9-ddb5-4fa4-a97d-d965ccfc6d4b" outcome="Passed" testListId="8c84fa94-04c1-424b-9868-57a2d4851a1d" relativeResultsDirectory="98a909b3-20f6-478e-b8a0-c42cb8377565" />
    <UnitTestResult executionId="b37bafdf-1f72-4de8-b295-aafe76b5dfd4" testId="c2baa3c1-0ed1-7717-167d-87dbaca4a852" testName="NestyStay.Api.Tests.SignedAccessTokenSecurityTests.ProtectedEndpointsRejectMissingLegacyExpiredAndTamperedTokens" computerName="LAPTOP" duration="00:00:00.1484446" startTime="2026-08-30T17:54:58.4322723+01:00" endTime="2026-08-30T17:54:58.5808891+01:00" testType="13cdc9d9-ddb5-4fa4-a97d-d965ccfc6d4b" outcome="Passed" testListId="8c84fa94-04c1-424b-9868-57a2d4851a1d" relativeResultsDirectory="b37bafdf-1f72-4de8-b295-aafe76b5dfd4" />
    <UnitTestResult executionId="9be35960-a175-4882-9dca-963f480f82e8" testId="8babae04-48ab-f6de-06c7-29de520be270" testName="NestyStay.Api.Tests.WellnessEndpointTests.WellnessBookingReportAndPayoutFlowEnforceEligibilityAndPaymentState" computerName="LAPTOP" duration="00:00:02.7372986" startTime="2026-08-30T17:54:58.5365955+01:00" endTime="2026-08-30T17:55:01.2740385+01:00" testType="13cdc9d9-ddb5-4fa4-a97d-d965ccfc6d4b" outcome="Passed" testListId="8c84fa94-04c1-424b-9868-57a2d4851a1d" relativeResultsDirectory="9be35960-a175-4882-9dca-963f480f82e8" />
    <UnitTestResult executionId="d29027ad-e280-4972-bdb9-98f8a16f359c" testId="6d349ab0-fe23-888e-0495-3164cd112bca" testName="NestyStay.Api.Tests.M3M4EndpointTests.HostDirectoryAccessRequiresContractBadgeLevels" computerName="LAPTOP" duration="00:00:00.0464199" startTime="2026-08-30T17:54:58.4959999+01:00" endTime="2026-08-30T17:54:58.5421209+01:00" testType="13cdc9d9-ddb5-4fa4-a97d-d965ccfc6d4b" outcome="Passed" testListId="8c84fa94-04c1-424b-9868-57a2d4851a1d" relativeResultsDirectory="d29027ad-e280-4972-bdb9-98f8a16f359c" />
    <UnitTestResult executionId="8d2850cf-041d-48db-bf3e-fa05ad56c01a" testId="bd63d979-fcf2-4ed9-829b-dbd871ad75ab" testName="NestyStay.Api.Tests.AdminIdentityEndpointTests.BootstrapCreatesNamedAdministratorAndDoesNotResetPasswordOrPermissions" computerName="LAPTOP" duration="00:00:00.2148573" startTime="2026-08-30T17:54:58.5844675+01:00" endTime="2026-08-30T17:54:58.7998118+01:00" testType="13cdc9d9-ddb5-4fa4-a97d-d965ccfc6d4b" outcome="Passed" testListId="8c84fa94-04c1-424b-9868-57a2d4851a1d" relativeResultsDirectory="8d2850cf-041d-48db-bf3e-fa05ad56c01a" />
    <UnitTestResult executionId="d1231ec8-2956-4802-a7e8-310f3a637f4e" testId="d319f010-04f8-330f-791d-06cf17942245" testName="NestyStay.Api.Tests.BadgeAuthorizationTests.LogoutInvalidatesTheServerSessionToken" computerName="LAPTOP" duration="00:00:00.1406982" startTime="2026-08-30T17:54:58.2906371+01:00" endTime="2026-08-30T17:54:58.4307819+01:00" testType="13cdc9d9-ddb5-4fa4-a97d-d965ccfc6d4b" outcome="Passed" testListId="8c84fa94-04c1-424b-9868-57a2d4851a1d" relativeResultsDirectory="d1231ec8-2956-4802-a7e8-310f3a637f4e" />
    <UnitTestResult executionId="6676379d-ee1a-48ba-b65c-0d4eefa68543" testId="3821c944-8192-954b-69fb-aaab5b720c07" testName="NestyStay.Api.Tests.BadgeAuthorizationTests.HostCanReadOwnBadgeAccessButNotAnotherHostsDataOrUnfilteredAssignments" computerName="LAPTOP" duration="00:00:01.9671989" startTime="2026-08-30T17:54:56.2796319+01:00" endTime="2026-08-30T17:54:58.2454579+01:00" testType="13cdc9d9-ddb5-4fa4-a97d-d965ccfc6d4b" outcome="Passed" testListId="8c84fa94-04c1-424b-9868-57a2d4851a1d" relativeResultsDirectory="6676379d-ee1a-48ba-b65c-0d4eefa68543" />
    <UnitTestResult executionId="f29d3501-b062-45e1-9ce3-bb3e1172ab29" testId="a294fcec-f403-fb9a-e593-132cb62d46fd" testName="NestyStay.Api.Tests.SignedAccessTokenSecurityTests.ProtectedEndpointsRejectInvalidTokenClaimsAndMalformedPayloads" computerName="LAPTOP" duration="00:00:00.0649938" startTime="2026-08-30T17:54:58.3564638+01:00" endTime="2026-08-30T17:54:58.4218356+01:00" testType="13cdc9d9-ddb5-4fa4-a97d-d965ccfc6d4b" outcome="Passed" testListId="8c84fa94-04c1-424b-9868-57a2d4851a1d" relativeResultsDirectory="f29d3501-b062-45e1-9ce3-bb3e1172ab29" />
    <UnitTestResult executionId="b39ef217-0a4b-478b-848d-eff6fdb4f11d" testId="6729879b-c848-22e3-feeb-7c5fa76c27a4" testName="NestyStay.Api.Tests.ApiExceptionMiddlewareTests.RateLimitExceptionMapsToStableProblemDetails" computerName="LAPTOP" duration="00:00:00.0517670" startTime="2026-08-30T17:54:56.2684312+01:00" endTime="2026-08-30T17:54:56.3283587+01:00" testType="13cdc9d9-ddb5-4fa4-a97d-d965ccfc6d4b" outcome="Passed" testListId="8c84fa94-04c1-424b-9868-57a2d4851a1d" relativeResultsDirectory="b39ef217-0a4b-478b-848d-eff6fdb4f11d" />
    <UnitTestResult executionId="18405e8e-7b60-4579-962c-d5ee19e83116" testId="050d6637-f1d9-3e01-a2f1-2da44a4b9c31" testName="NestyStay.Api.Tests.HealthEndpointTests.BackendJobsEndpointReturnsPlannedJobs" computerName="LAPTOP" duration="00:00:00.0051883" startTime="2026-08-30T17:55:00.0340333+01:00" endTime="2026-08-30T17:55:00.0397552+01:00" testType="13cdc9d9-ddb5-4fa4-a97d-d965ccfc6d4b" outcome="Passed" testListId="8c84fa94-04c1-424b-9868-57a2d4851a1d" relativeResultsDirectory="18405e8e-7b60-4579-962c-d5ee19e83116" />
    <UnitTestResult executionId="f5b39766-9d2c-44cf-a5a4-63be82bf4738" testId="0d1e5a33-eb6b-660e-d3bf-634292a5bff3" testName="NestyStay.Api.Tests.AdminIdentityEndpointTests.PrivilegedEndpointsRejectAnonymousNonAdminAndAdminWithoutPermission" computerName="LAPTOP" duration="00:00:01.8571516" startTime="2026-08-30T17:54:56.2779064+01:00" endTime="2026-08-30T17:54:58.1353727+01:00" testType="13cdc9d9-ddb5-4fa4-a97d-d965ccfc6d4b" outcome="Passed" testListId="8c84fa94-04c1-424b-9868-57a2d4851a1d" relativeResultsDirectory="f5b39766-9d2c-44cf-a5a4-63be82bf4738" />
    <UnitTestResult executionId="23fc350a-00a2-405b-b4c3-53d61aefd696" testId="988d4eed-1131-dc8a-995c-5f3ea10f34e5" testName="NestyStay.Api.Tests.HealthEndpointTests.PasswordResetIsGenericOneTimeAndInvalidatesIssuedSessions" computerName="LAPTOP" duration="00:00:00.1821317" startTime="2026-08-30T17:54:59.6927565+01:00" endTime="2026-08-30T17:54:59.8746305+01:00" testType="13cdc9d9-ddb5-4fa4-a97d-d965ccfc6d4b" outcome="Passed" testListId="8c84fa94-04c1-424b-9868-57a2d4851a1d" relativeResultsDirectory="23fc350a-00a2-405b-b4c3-53d61aefd696" />
    <UnitTestResult executionId="b1b229be-d3f5-4fb8-bb33-a9ae72900be8" testId="e85b413d-70b7-5435-3ec6-e62b4b61305f" testName="NestyStay.Api.Tests.AdminIdentityEndpointTests.DisabledLockedAndRevokedAdministratorSessionsAreRejected" computerName="LAPTOP" duration="00:00:00.1882591" startTime="2026-08-30T17:54:58.8000036+01:00" endTime="2026-08-30T17:54:58.9886344+01:00" testType="13cdc9d9-ddb5-4fa4-a97d-d965ccfc6d4b" outcome="Passed" testListId="8c84fa94-04c1-424b-9868-57a2d4851a1d" relativeResultsDirectory="b1b229be-d3f5-4fb8-bb33-a9ae72900be8" />
    <UnitTestResult executionId="1016cf02-b59f-4d28-9612-3f08bef68c89" testId="9186a799-70e9-ed7d-ee27-61c475d1d6c5" testName="NestyStay.Api.Tests.PhaseTwoEndpointTests.BadgesPricingEndpointsSupportPricebookBadgesCampaignsRenewalsAndFoundingBenefits" computerName="LAPTOP" duration="00:00:00.8834870" startTime="2026-08-30T17:54:58.1193953+01:00" endTime="2026-08-30T17:54:59.0029670+01:00" testType="13cdc9d9-ddb5-4fa4-a97d-d965ccfc6d4b" outcome="Passed" testListId="8c84fa94-04c1-424b-9868-57a2d4851a1d" relativeResultsDirectory="1016cf02-b59f-4d28-9612-3f08bef68c89" />
    <UnitTestResult executionId="2d7eb634-dd6d-4bb5-822c-30277c0f81c2" testId="61af397d-8cad-2b8e-c120-cbad3382f2fe" testName="NestyStay.Api.Tests.HealthEndpointTests.BackendSchemaSeedPricebookEndpointReturnsSeedPrices" computerName="LAPTOP" duration="00:00:00.0069566" startTime="2026-08-30T17:55:00.0265851+01:00" endTime="2026-08-30T17:55:00.0338639+01:00" testType="13cdc9d9-ddb5-4fa4-a97d-d965ccfc6d4b" outcome="Passed" testListId="8c84fa94-04c1-424b-9868-57a2d4851a1d" relativeResultsDirectory="2d7eb634-dd6d-4bb5-822c-30277c0f81c2" />
  </Results>
  <TestDefinitions>
    <UnitTest name="NestyStay.Api.Tests.ApiExceptionMiddlewareTests.InvalidOperationWithRateLimitLikeMessageStillMapsToBadRequest" storage="c:\users\administrator\desktop\nestystayplatform\backend\tests\nestystay.api.tests\bin\debug\net10.0\nestystay.api.tests.dll" id="abcf6998-aefa-dfc1-3962-88664b2da951">
      <Execution id="44c96a78-7131-4d14-a53b-b2ab9de4e3d7" />
      <TestMethod codeBase="C:\Users\Administrator\Desktop\nestystayPLATFORM\backend\tests\NestyStay.Api.Tests\bin\Debug\net10.0\NestyStay.Api.Tests.dll" adapterTypeName="executor://xunit/VsTestRunner3/netcore/" className="NestyStay.Api.Tests.ApiExceptionMiddlewareTests" name="InvalidOperationWithRateLimitLikeMessageStillMapsToBadRequest" />
    </UnitTest>
    <UnitTest name="NestyStay.Api.Tests.BadgeAuthorizationTests.BadgeMutationsRejectAnonymousAndHostControlledEligibilityFacts" storage="c:\users\administrator\desktop\nestystayplatform\backend\tests\nestystay.api.tests\bin\debug\net10.0\nestystay.api.tests.dll" id="a09cd3cc-e09f-0f8d-7e1a-f689f90bdf75">
      <Execution id="0243d7b0-0e41-4416-9fda-28acda793a19" />
      <TestMethod codeBase="C:\Users\Administrator\Desktop\nestystayPLATFORM\backend\tests\NestyStay.Api.Tests\bin\Debug\net10.0\NestyStay.Api.Tests.dll" adapterTypeName="executor://xunit/VsTestRunner3/netcore/" className="NestyStay.Api.Tests.BadgeAuthorizationTests" name="BadgeMutationsRejectAnonymousAndHostControlledEligibilityFacts" />
    </UnitTest>
    <UnitTest name="NestyStay.Api.Tests.ApiExceptionMiddlewareTests.RateLimitExceptionMapsToStableProblemDetails" storage="c:\users\administrator\desktop\nestystayplatform\backend\tests\nestystay.api.tests\bin\debug\net10.0\nestystay.api.tests.dll" id="6729879b-c848-22e3-feeb-7c5fa76c27a4">
      <Execution id="b39ef217-0a4b-478b-848d-eff6fdb4f11d" />
      <TestMethod codeBase="C:\Users\Administrator\Desktop\nestystayPLATFORM\backend\tests\NestyStay.Api.Tests\bin\Debug\net10.0\NestyStay.Api.Tests.dll" adapterTypeName="executor://xunit/VsTestRunner3/netcore/" className="NestyStay.Api.Tests.ApiExceptionMiddlewareTests" name="RateLimitExceptionMapsToStableProblemDetails" />
    </UnitTest>
    <UnitTest name="NestyStay.Api.Tests.HealthEndpointTests.RecoveryCodeCanCompleteTwoFactorOnce" storage="c:\users\administrator\desktop\nestystayplatform\backend\tests\nestystay.api.tests\bin\debug\net10.0\nestystay.api.tests.dll" id="174a288d-db39-1bbf-c11d-0b7abaab357c">
      <Execution id="db4d862f-aaf3-4445-b5da-b7325fc9bcd3" />
      <TestMethod codeBase="C:\Users\Administrator\Desktop\nestystayPLATFORM\backend\tests\NestyStay.Api.Tests\bin\Debug\net10.0\NestyStay.Api.Tests.dll" adapterTypeName="executor://xunit/VsTestRunner3/netcore/" className="NestyStay.Api.Tests.HealthEndpointTests" name="RecoveryCodeCanCompleteTwoFactorOnce" />
    </UnitTest>
    <UnitTest name="NestyStay.Api.Tests.PhaseTwoEndpointTests.AdminMutationEndpointsRequireAdminBearerToken" storage="c:\users\administrator\desktop\nestystayplatform\backend\tests\nestystay.api.tests\bin\debug\net10.0\nestystay.api.tests.dll" id="db95b519-82da-c73a-71d4-55a0507ea671">
      <Execution id="1c384f6b-ef4a-4fa0-bebf-c061e0f92d7d" />
      <TestMethod codeBase="C:\Users\Administrator\Desktop\nestystayPLATFORM\backend\tests\NestyStay.Api.Tests\bin\Debug\net10.0\NestyStay.Api.Tests.dll" adapterTypeName="executor://xunit/VsTestRunner3/netcore/" className="NestyStay.Api.Tests.PhaseTwoEndpointTests" name="AdminMutationEndpointsRequireAdminBearerToken" />
    </UnitTest>
    <UnitTest name="NestyStay.Api.Tests.SecurityHeadersTests.NonDevelopmentResponsesContainStrictSecurityHeaders" storage="c:\users\administrator\desktop\nestystayplatform\backend\tests\nestystay.api.tests\bin\debug\net10.0\nestystay.api.tests.dll" id="47afa8a5-f0a8-7cf1-4f57-6918bafc2edf">
      <Execution id="fc802e58-8a00-4e21-86a3-b420f5ce314f" />
      <TestMethod codeBase="C:\Users\Administrator\Desktop\nestystayPLATFORM\backend\tests\NestyStay.Api.Tests\bin\Debug\net10.0\NestyStay.Api.Tests.dll" adapterTypeName="executor://xunit/VsTestRunner3/netcore/" className="NestyStay.Api.Tests.SecurityHeadersTests" name="NonDevelopmentResponsesContainStrictSecurityHeaders" />
    </UnitTest>
    <UnitTest name="NestyStay.Api.Tests.AdminIdentityEndpointTests.DisabledLockedAndRevokedAdministratorSessionsAreRejected" storage="c:\users\administrator\desktop\nestystayplatform\backend\tests\nestystay.api.tests\bin\debug\net10.0\nestystay.api.tests.dll" id="e85b413d-70b7-5435-3ec6-e62b4b61305f">
      <Execution id="b1b229be-d3f5-4fb8-bb33-a9ae72900be8" />
      <TestMethod codeBase="C:\Users\Administrator\Desktop\nestystayPLATFORM\backend\tests\NestyStay.Api.Tests\bin\Debug\net10.0\NestyStay.Api.Tests.dll" adapterTypeName="executor://xunit/VsTestRunner3/netcore/" className="NestyStay.Api.Tests.AdminIdentityEndpointTests" name="DisabledLockedAndRevokedAdministratorSessionsAreRejected" />
    </UnitTest>
    <UnitTest name="NestyStay.Api.Tests.WebhookSecurityTests.StripeRawWebhookRejectsInvalidSignatureInProduction" storage="c:\users\administrator\desktop\nestystayplatform\backend\tests\nestystay.api.tests\bin\debug\net10.0\nestystay.api.tests.dll" id="f32e10b1-0e15-6035-d018-2c8aaeed7515">
      <Execution id="e198352e-41a4-4c49-8ed6-c3150c4c940d" />
      <TestMethod codeBase="C:\Users\Administrator\Desktop\nestystayPLATFORM\backend\tests\NestyStay.Api.Tests\bin\Debug\net10.0\NestyStay.Api.Tests.dll" adapterTypeName="executor://xunit/VsTestRunner3/netcore/" className="NestyStay.Api.Tests.WebhookSecurityTests" name="StripeRawWebhookRejectsInvalidSignatureInProduction" />
    </UnitTest>
    <UnitTest name="NestyStay.Api.Tests.BadgeAuthorizationTests.LogoutInvalidatesTheServerSessionToken" storage="c:\users\administrator\desktop\nestystayplatform\backend\tests\nestystay.api.tests\bin\debug\net10.0\nestystay.api.tests.dll" id="d319f010-04f8-330f-791d-06cf17942245">
      <Execution id="d1231ec8-2956-4802-a7e8-310f3a637f4e" />
      <TestMethod codeBase="C:\Users\Administrator\Desktop\nestystayPLATFORM\backend\tests\NestyStay.Api.Tests\bin\Debug\net10.0\NestyStay.Api.Tests.dll" adapterTypeName="executor://xunit/VsTestRunner3/netcore/" className="NestyStay.Api.Tests.BadgeAuthorizationTests" name="LogoutInvalidatesTheServerSessionToken" />
    </UnitTest>
    <UnitTest name="NestyStay.Api.Tests.M3M4EndpointTests.DirectoryProviderRequiresModerationAndPoliceUsesBadgeOnly" storage="c:\users\administrator\desktop\nestystayplatform\backend\tests\nestystay.api.tests\bin\debug\net10.0\nestystay.api.tests.dll" id="f07168be-53ef-6bc4-fbc1-29c35e0b05a2">
      <Execution id="0e66128c-6252-4b96-9208-3942da9aa090" />
      <TestMethod codeBase="C:\Users\Administrator\Desktop\nestystayPLATFORM\backend\tests\NestyStay.Api.Tests\bin\Debug\net10.0\NestyStay.Api.Tests.dll" adapterTypeName="executor://xunit/VsTestRunner3/netcore/" className="NestyStay.Api.Tests.M3M4EndpointTests" name="DirectoryProviderRequiresModerationAndPoliceUsesBadgeOnly" />
    </UnitTest>
    <UnitTest name="NestyStay.Api.Tests.BadgeAuthorizationTests.HostCanReadOwnBadgeAccessButNotAnotherHostsDataOrUnfilteredAssignments" storage="c:\users\administrator\desktop\nestystayplatform\backend\tests\nestystay.api.tests\bin\debug\net10.0\nestystay.api.tests.dll" id="3821c944-8192-954b-69fb-aaab5b720c07">
      <Execution id="6676379d-ee1a-48ba-b65c-0d4eefa68543" />
      <TestMethod codeBase="C:\Users\Administrator\Desktop\nestystayPLATFORM\backend\tests\NestyStay.Api.Tests\bin\Debug\net10.0\NestyStay.Api.Tests.dll" adapterTypeName="executor://xunit/VsTestRunner3/netcore/" className="NestyStay.Api.Tests.BadgeAuthorizationTests" name="HostCanReadOwnBadgeAccessButNotAnotherHostsDataOrUnfilteredAssignments" />
    </UnitTest>
    <UnitTest name="NestyStay.Api.Tests.HealthEndpointTests.TwoFactorCanBeDisabledWithRecoveryCodeAndReturnsDirectLoginSession" storage="c:\users\administrator\desktop\nestystayplatform\backend\tests\nestystay.api.tests\bin\debug\net10.0\nestystay.api.tests.dll" id="0067ee4e-f29e-9252-8079-121bdac5b6b2">
      <Execution id="1eab1a45-bc57-4706-bd6a-6c573f4c4072" />
      <TestMethod codeBase="C:\Users\Administrator\Desktop\nestystayPLATFORM\backend\tests\NestyStay.Api.Tests\bin\Debug\net10.0\NestyStay.Api.Tests.dll" adapterTypeName="executor://xunit/VsTestRunner3/netcore/" className="NestyStay.Api.Tests.HealthEndpointTests" name="TwoFactorCanBeDisabledWithRecoveryCodeAndReturnsDirectLoginSession" />
    </UnitTest>
    <UnitTest name="NestyStay.Api.Tests.AdminIdentityEndpointTests.PrivilegedEndpointsRejectAnonymousNonAdminAndAdminWithoutPermission" storage="c:\users\administrator\desktop\nestystayplatform\backend\tests\nestystay.api.tests\bin\debug\net10.0\nestystay.api.tests.dll" id="0d1e5a33-eb6b-660e-d3bf-634292a5bff3">
      <Execution id="f5b39766-9d2c-44cf-a5a4-63be82bf4738" />
      <TestMethod codeBase="C:\Users\Administrator\Desktop\nestystayPLATFORM\backend\tests\NestyStay.Api.Tests\bin\Debug\net10.0\NestyStay.Api.Tests.dll" adapterTypeName="executor://xunit/VsTestRunner3/netcore/" className="NestyStay.Api.Tests.AdminIdentityEndpointTests" name="PrivilegedEndpointsRejectAnonymousNonAdminAndAdminWithoutPermission" />
    </UnitTest>
    <UnitTest name="NestyStay.Api.Tests.M3M4EndpointTests.WellnessSubscriptionUsesContractPriceAndRenewalIsIdempotentWhileActive" storage="c:\users\administrator\desktop\nestystayplatform\backend\tests\nestystay.api.tests\bin\debug\net10.0\nestystay.api.tests.dll" id="a8cc15a0-ca29-c54c-358b-1577b597e3e3">
      <Execution id="35d7feba-9fdb-4977-b0a9-9aac4bce34e5" />
      <TestMethod codeBase="C:\Users\Administrator\Desktop\nestystayPLATFORM\backend\tests\NestyStay.Api.Tests\bin\Debug\net10.0\NestyStay.Api.Tests.dll" adapterTypeName="executor://xunit/VsTestRunner3/netcore/" className="NestyStay.Api.Tests.M3M4EndpointTests" name="WellnessSubscriptionUsesContractPriceAndRenewalIsIdempotentWhileActive" />
    </UnitTest>
    <UnitTest name="NestyStay.Api.Tests.WebhookSecurityTests.GenericWebhookRejectsMissingSecretInProduction" storage="c:\users\administrator\desktop\nestystayplatform\backend\tests\nestystay.api.tests\bin\debug\net10.0\nestystay.api.tests.dll" id="23f38971-c222-3798-1708-408fffdeb41a">
      <Execution id="0e2d5dce-4522-48fc-a77b-fdc9eef924aa" />
      <TestMethod codeBase="C:\Users\Administrator\Desktop\nestystayPLATFORM\backend\tests\NestyStay.Api.Tests\bin\Debug\net10.0\NestyStay.Api.Tests.dll" adapterTypeName="executor://xunit/VsTestRunner3/netcore/" className="NestyStay.Api.Tests.WebhookSecurityTests" name="GenericWebhookRejectsMissingSecretInProduction" />
    </UnitTest>
    <UnitTest name="NestyStay.Api.Tests.SecurityHeadersTests.DevelopmentKeepsOpenApiUsableWithoutProductionHeaders" storage="c:\users\administrator\desktop\nestystayplatform\backend\tests\nestystay.api.tests\bin\debug\net10.0\nestystay.api.tests.dll" id="5451a9f7-adeb-aa83-1391-0eb1d9f660a9">
      <Execution id="98a909b3-20f6-478e-b8a0-c42cb8377565" />
      <TestMethod codeBase="C:\Users\Administrator\Desktop\nestystayPLATFORM\backend\tests\NestyStay.Api.Tests\bin\Debug\net10.0\NestyStay.Api.Tests.dll" adapterTypeName="executor://xunit/VsTestRunner3/netcore/" className="NestyStay.Api.Tests.SecurityHeadersTests" name="DevelopmentKeepsOpenApiUsableWithoutProductionHeaders" />
    </UnitTest>
    <UnitTest name="NestyStay.Api.Tests.WebhookSecurityTests.StripeRawWebhookAppliesPaymentIntentUpdatesToBookingStore" storage="c:\users\administrator\desktop\nestystayplatform\backend\tests\nestystay.api.tests\bin\debug\net10.0\nestystay.api.tests.dll" id="dea9a08c-6450-3a8e-54f5-3b3fcb222503">
      <Execution id="0576fdf6-b870-43c6-8ad9-4e0f35d733c3" />
      <TestMethod codeBase="C:\Users\Administrator\Desktop\nestystayPLATFORM\backend\tests\NestyStay.Api.Tests\bin\Debug\net10.0\NestyStay.Api.Tests.dll" adapterTypeName="executor://xunit/VsTestRunner3/netcore/" className="NestyStay.Api.Tests.WebhookSecurityTests" name="StripeRawWebhookAppliesPaymentIntentUpdatesToBookingStore" />
    </UnitTest>
    <UnitTest name="NestyStay.Api.Tests.SignedAccessTokenSecurityTests.AdminEndpointsRejectSignedNonAdminTokensAndAcceptConfiguredAdminToken" storage="c:\users\administrator\desktop\nestystayplatform\backend\tests\nestystay.api.tests\bin\debug\net10.0\nestystay.api.tests.dll" id="a40fe7f9-4e6e-f511-0ddd-f74f131a569f">
      <Execution id="6c46bbe9-4612-43ac-a37e-f745393ae9d7" />
      <TestMethod codeBase="C:\Users\Administrator\Desktop\nestystayPLATFORM\backend\tests\NestyStay.Api.Tests\bin\Debug\net10.0\NestyStay.Api.Tests.dll" adapterTypeName="executor://xunit/VsTestRunner3/netcore/" className="NestyStay.Api.Tests.SignedAccessTokenSecurityTests" name="AdminEndpointsRejectSignedNonAdminTokensAndAcceptConfiguredAdminToken" />
    </UnitTest>
    <UnitTest name="NestyStay.Api.Tests.HealthEndpointTests.TwoFactorEnrollmentRequiresValidTotpAndReturnsOneTimeRecoveryCodes" storage="c:\users\administrator\desktop\nestystayplatform\backend\tests\nestystay.api.tests\bin\debug\net10.0\nestystay.api.tests.dll" id="57660780-ffe7-7828-b5e9-edcda66e1aeb">
      <Execution id="d63ef78c-6f59-46e9-91b1-576afd304116" />
      <TestMethod codeBase="C:\Users\Administrator\Desktop\nestystayPLATFORM\backend\tests\NestyStay.Api.Tests\bin\Debug\net10.0\NestyStay.Api.Tests.dll" adapterTypeName="executor://xunit/VsTestRunner3/netcore/" className="NestyStay.Api.Tests.HealthEndpointTests" name="TwoFactorEnrollmentRequiresValidTotpAndReturnsOneTimeRecoveryCodes" />
    </UnitTest>
    <UnitTest name="NestyStay.Api.Tests.M3M4EndpointTests.QrLifecycleBindsToApprovedBookingAndRejectsWrongPropertyAndRevocation" storage="c:\users\administrator\desktop\nestystayplatform\backend\tests\nestystay.api.tests\bin\debug\net10.0\nestystay.api.tests.dll" id="99c42aba-44af-430f-4302-ec361fb3cb34">
      <Execution id="b6f75f60-e92f-4875-80c4-1d4221ff42ea" />
      <TestMethod codeBase="C:\Users\Administrator\Desktop\nestystayPLATFORM\backend\tests\NestyStay.Api.Tests\bin\Debug\net10.0\NestyStay.Api.Tests.dll" adapterTypeName="executor://xunit/VsTestRunner3/netcore/" className="NestyStay.Api.Tests.M3M4EndpointTests" name="QrLifecycleBindsToApprovedBookingAndRejectsWrongPropertyAndRevocation" />
    </UnitTest>
    <UnitTest name="NestyStay.Api.Tests.M3M4EndpointTests.QrValidationRejectsForgedAndMalformedTokensWithoutLeakingIdentity" storage="c:\users\administrator\desktop\nestystayplatform\backend\tests\nestystay.api.tests\bin\debug\net10.0\nestystay.api.tests.dll" id="d63d2493-5d63-c758-534e-fab7a6bf5a28">
      <Execution id="70d63720-d07f-43a0-8c87-e763afacee79" />
      <TestMethod codeBase="C:\Users\Administrator\Desktop\nestystayPLATFORM\backend\tests\NestyStay.Api.Tests\bin\Debug\net10.0\NestyStay.Api.Tests.dll" adapterTypeName="executor://xunit/VsTestRunner3/netcore/" className="NestyStay.Api.Tests.M3M4EndpointTests" name="QrValidationRejectsForgedAndMalformedTokensWithoutLeakingIdentity" />
    </UnitTest>
    <UnitTest name="NestyStay.Api.Tests.BadgeAuthorizationTests.PropertyCreationUsesAuthenticatedHostIdentityAndActiveBadge" storage="c:\users\administrator\desktop\nestystayplatform\backend\tests\nestystay.api.tests\bin\debug\net10.0\nestystay.api.tests.dll" id="ef05a491-6a22-937f-d1a3-6fe89aaafe5d">
      <Execution id="43f9d58c-4735-4f86-8414-89fc301b1eab" />
      <TestMethod codeBase="C:\Users\Administrator\Desktop\nestystayPLATFORM\backend\tests\NestyStay.Api.Tests\bin\Debug\net10.0\NestyStay.Api.Tests.dll" adapterTypeName="executor://xunit/VsTestRunner3/netcore/" className="NestyStay.Api.Tests.BadgeAuthorizationTests" name="PropertyCreationUsesAuthenticatedHostIdentityAndActiveBadge" />
    </UnitTest>
    <UnitTest name="NestyStay.Api.Tests.HealthEndpointTests.BackendSchemaSeedPricebookEndpointReturnsSeedPrices" storage="c:\users\administrator\desktop\nestystayplatform\backend\tests\nestystay.api.tests\bin\debug\net10.0\nestystay.api.tests.dll" id="61af397d-8cad-2b8e-c120-cbad3382f2fe">
      <Execution id="2d7eb634-dd6d-4bb5-822c-30277c0f81c2" />
      <TestMethod codeBase="C:\Users\Administrator\Desktop\nestystayPLATFORM\backend\tests\NestyStay.Api.Tests\bin\Debug\net10.0\NestyStay.Api.Tests.dll" adapterTypeName="executor://xunit/VsTestRunner3/netcore/" className="NestyStay.Api.Tests.HealthEndpointTests" name="BackendSchemaSeedPricebookEndpointReturnsSeedPrices" />
    </UnitTest>
    <UnitTest name="NestyStay.Api.Tests.WellnessEndpointTests.WellnessBookingReportAndPayoutFlowEnforceEligibilityAndPaymentState" storage="c:\users\administrator\desktop\nestystayplatform\backend\tests\nestystay.api.tests\bin\debug\net10.0\nestystay.api.tests.dll" id="8babae04-48ab-f6de-06c7-29de520be270">
      <Execution id="9be35960-a175-4882-9dca-963f480f82e8" />
      <TestMethod codeBase="C:\Users\Administrator\Desktop\nestystayPLATFORM\backend\tests\NestyStay.Api.Tests\bin\Debug\net10.0\NestyStay.Api.Tests.dll" adapterTypeName="executor://xunit/VsTestRunner3/netcore/" className="NestyStay.Api.Tests.WellnessEndpointTests" name="WellnessBookingReportAndPayoutFlowEnforceEligibilityAndPaymentState" />
    </UnitTest>
    <UnitTest name="NestyStay.Api.Tests.PhaseTwoEndpointTests.BadgesPricingEndpointsSupportPricebookBadgesCampaignsRenewalsAndFoundingBenefits" storage="c:\users\administrator\desktop\nestystayplatform\backend\tests\nestystay.api.tests\bin\debug\net10.0\nestystay.api.tests.dll" id="9186a799-70e9-ed7d-ee27-61c475d1d6c5">
      <Execution id="1016cf02-b59f-4d28-9612-3f08bef68c89" />
      <TestMethod codeBase="C:\Users\Administrator\Desktop\nestystayPLATFORM\backend\tests\NestyStay.Api.Tests\bin\Debug\net10.0\NestyStay.Api.Tests.dll" adapterTypeName="executor://xunit/VsTestRunner3/netcore/" className="NestyStay.Api.Tests.PhaseTwoEndpointTests" name="BadgesPricingEndpointsSupportPricebookBadgesCampaignsRenewalsAndFoundingBenefits" />
    </UnitTest>
    <UnitTest name="NestyStay.Api.Tests.SpecCompletionEndpointTests.TravelerMessagingDirectoryHostAndAdminMilestoneApisPersistAndEnforceAuthorization" storage="c:\users\administrator\desktop\nestystayplatform\backend\tests\nestystay.api.tests\bin\debug\net10.0\nestystay.api.tests.dll" id="a622d929-8025-9416-398a-872dee8ba707">
      <Execution id="3cdc59b3-4986-49c1-9c1a-4a7a8b6029e5" />
      <TestMethod codeBase="C:\Users\Administrator\Desktop\nestystayPLATFORM\backend\tests\NestyStay.Api.Tests\bin\Debug\net10.0\NestyStay.Api.Tests.dll" adapterTypeName="executor://xunit/VsTestRunner3/netcore/" className="NestyStay.Api.Tests.SpecCompletionEndpointTests" name="TravelerMessagingDirectoryHostAndAdminMilestoneApisPersistAndEnforceAuthorization" />
    </UnitTest>
    <UnitTest name="NestyStay.Api.Tests.HealthEndpointTests.HealthEndpointReturnsOk" storage="c:\users\administrator\desktop\nestystayplatform\backend\tests\nestystay.api.tests\bin\debug\net10.0\nestystay.api.tests.dll" id="fe763440-2734-22a4-0058-4285de96e7eb">
      <Execution id="4bdd904a-c301-479d-81ce-8c6558cf1365" />
      <TestMethod codeBase="C:\Users\Administrator\Desktop\nestystayPLATFORM\backend\tests\NestyStay.Api.Tests\bin\Debug\net10.0\NestyStay.Api.Tests.dll" adapterTypeName="executor://xunit/VsTestRunner3/netcore/" className="NestyStay.Api.Tests.HealthEndpointTests" name="HealthEndpointReturnsOk" />
    </UnitTest>
    <UnitTest name="NestyStay.Api.Tests.HealthEndpointTests.PhaseOneEndpointsSupportRegistrationListingAndPendingBooking" storage="c:\users\administrator\desktop\nestystayplatform\backend\tests\nestystay.api.tests\bin\debug\net10.0\nestystay.api.tests.dll" id="9d922cd9-ce9a-2d6b-5192-53f5441ed550">
      <Execution id="966afb30-e54b-45cc-a8f4-9adf326bbe7c" />
      <TestMethod codeBase="C:\Users\Administrator\Desktop\nestystayPLATFORM\backend\tests\NestyStay.Api.Tests\bin\Debug\net10.0\NestyStay.Api.Tests.dll" adapterTypeName="executor://xunit/VsTestRunner3/netcore/" className="NestyStay.Api.Tests.HealthEndpointTests" name="PhaseOneEndpointsSupportRegistrationListingAndPendingBooking" />
    </UnitTest>
    <UnitTest name="NestyStay.Api.Tests.SignedAccessTokenSecurityTests.ProtectedEndpointsRejectMissingLegacyExpiredAndTamperedTokens" storage="c:\users\administrator\desktop\nestystayplatform\backend\tests\nestystay.api.tests\bin\debug\net10.0\nestystay.api.tests.dll" id="c2baa3c1-0ed1-7717-167d-87dbaca4a852">
      <Execution id="b37bafdf-1f72-4de8-b295-aafe76b5dfd4" />
      <TestMethod codeBase="C:\Users\Administrator\Desktop\nestystayPLATFORM\backend\tests\NestyStay.Api.Tests\bin\Debug\net10.0\NestyStay.Api.Tests.dll" adapterTypeName="executor://xunit/VsTestRunner3/netcore/" className="NestyStay.Api.Tests.SignedAccessTokenSecurityTests" name="ProtectedEndpointsRejectMissingLegacyExpiredAndTamperedTokens" />
    </UnitTest>
    <UnitTest name="NestyStay.Api.Tests.SpecCompletionEndpointTests.PublicContentExperiencesJournalAndAuthFlowsArePersistedAndValidated" storage="c:\users\administrator\desktop\nestystayplatform\backend\tests\nestystay.api.tests\bin\debug\net10.0\nestystay.api.tests.dll" id="9642adec-7efc-7024-c3db-c354e0d6e2fa">
      <Execution id="c10fe55d-bca2-465f-917f-57c362d91c06" />
      <TestMethod codeBase="C:\Users\Administrator\Desktop\nestystayPLATFORM\backend\tests\NestyStay.Api.Tests\bin\Debug\net10.0\NestyStay.Api.Tests.dll" adapterTypeName="executor://xunit/VsTestRunner3/netcore/" className="NestyStay.Api.Tests.SpecCompletionEndpointTests" name="PublicContentExperiencesJournalAndAuthFlowsArePersistedAndValidated" />
    </UnitTest>
    <UnitTest name="NestyStay.Api.Tests.WebhookSecurityTests.GenericWebhookAcceptsMatchingSecretInProduction" storage="c:\users\administrator\desktop\nestystayplatform\backend\tests\nestystay.api.tests\bin\debug\net10.0\nestystay.api.tests.dll" id="4e49918d-5d1e-9f2d-6fcb-2c3c59d54f6f">
      <Execution id="8e1df1b7-4f97-4a49-93cd-cc6799d5e84c" />
      <TestMethod codeBase="C:\Users\Administrator\Desktop\nestystayPLATFORM\backend\tests\NestyStay.Api.Tests\bin\Debug\net10.0\NestyStay.Api.Tests.dll" adapterTypeName="executor://xunit/VsTestRunner3/netcore/" className="NestyStay.Api.Tests.WebhookSecurityTests" name="GenericWebhookAcceptsMatchingSecretInProduction" />
    </UnitTest>
    <UnitTest name="NestyStay.Api.Tests.M3M4EndpointTests.HostDirectoryAccessRequiresContractBadgeLevels" storage="c:\users\administrator\desktop\nestystayplatform\backend\tests\nestystay.api.tests\bin\debug\net10.0\nestystay.api.tests.dll" id="6d349ab0-fe23-888e-0495-3164cd112bca">
      <Execution id="d29027ad-e280-4972-bdb9-98f8a16f359c" />
      <TestMethod codeBase="C:\Users\Administrator\Desktop\nestystayPLATFORM\backend\tests\NestyStay.Api.Tests\bin\Debug\net10.0\NestyStay.Api.Tests.dll" adapterTypeName="executor://xunit/VsTestRunner3/netcore/" className="NestyStay.Api.Tests.M3M4EndpointTests" name="HostDirectoryAccessRequiresContractBadgeLevels" />
    </UnitTest>
    <UnitTest name="NestyStay.Api.Tests.WebhookSecurityTests.StripeRawWebhookPersistsSignedEventAndMarksDuplicateReplay" storage="c:\users\administrator\desktop\nestystayplatform\backend\tests\nestystay.api.tests\bin\debug\net10.0\nestystay.api.tests.dll" id="b4078be6-ed82-8dac-5dbe-f18938580bf0">
      <Execution id="cfc4d680-efa2-43c7-b349-7537b7baa461" />
      <TestMethod codeBase="C:\Users\Administrator\Desktop\nestystayPLATFORM\backend\tests\NestyStay.Api.Tests\bin\Debug\net10.0\NestyStay.Api.Tests.dll" adapterTypeName="executor://xunit/VsTestRunner3/netcore/" className="NestyStay.Api.Tests.WebhookSecurityTests" name="StripeRawWebhookPersistsSignedEventAndMarksDuplicateReplay" />
    </UnitTest>
    <UnitTest name="NestyStay.Api.Tests.AdminIdentityEndpointTests.SelfServiceRegistrationRejectsAdministratorRole" storage="c:\users\administrator\desktop\nestystayplatform\backend\tests\nestystay.api.tests\bin\debug\net10.0\nestystay.api.tests.dll" id="814f487a-7ddb-313d-5c74-0aad8158e575">
      <Execution id="89b39f91-04de-49c4-845d-d1179e2775b3" />
      <TestMethod codeBase="C:\Users\Administrator\Desktop\nestystayPLATFORM\backend\tests\NestyStay.Api.Tests\bin\Debug\net10.0\NestyStay.Api.Tests.dll" adapterTypeName="executor://xunit/VsTestRunner3/netcore/" className="NestyStay.Api.Tests.AdminIdentityEndpointTests" name="SelfServiceRegistrationRejectsAdministratorRole" />
    </UnitTest>
    <UnitTest name="NestyStay.Api.Tests.SignedAccessTokenSecurityTests.ProductionValidatorRequiresExternalizedLiveSecretsOnlyInProduction" storage="c:\users\administrator\desktop\nestystayplatform\backend\tests\nestystay.api.tests\bin\debug\net10.0\nestystay.api.tests.dll" id="9c956c4d-b372-c07b-db77-cd1bbe4b720a">
      <Execution id="d9381cf6-9fb6-4aee-ac7a-f9ced4ea7453" />
      <TestMethod codeBase="C:\Users\Administrator\Desktop\nestystayPLATFORM\backend\tests\NestyStay.Api.Tests\bin\Debug\net10.0\NestyStay.Api.Tests.dll" adapterTypeName="executor://xunit/VsTestRunner3/netcore/" className="NestyStay.Api.Tests.SignedAccessTokenSecurityTests" name="ProductionValidatorRequiresExternalizedLiveSecretsOnlyInProduction" />
    </UnitTest>
    <UnitTest name="NestyStay.Api.Tests.M3M4EndpointTests.PoliceDirectoryRequiresWellnessHostAccessAndOfficerRegistrationBindsIdentity" storage="c:\users\administrator\desktop\nestystayplatform\backend\tests\nestystay.api.tests\bin\debug\net10.0\nestystay.api.tests.dll" id="1a06195c-6e3d-6912-58fc-8752e9cb8f28">
      <Execution id="9f6cc0e4-70a9-4385-8bb7-3a7bf0871548" />
      <TestMethod codeBase="C:\Users\Administrator\Desktop\nestystayPLATFORM\backend\tests\NestyStay.Api.Tests\bin\Debug\net10.0\NestyStay.Api.Tests.dll" adapterTypeName="executor://xunit/VsTestRunner3/netcore/" className="NestyStay.Api.Tests.M3M4EndpointTests" name="PoliceDirectoryRequiresWellnessHostAccessAndOfficerRegistrationBindsIdentity" />
    </UnitTest>
    <UnitTest name="NestyStay.Api.Tests.WebhookSecurityTests.StripeWrapperWebhookIsRejectedInProduction" storage="c:\users\administrator\desktop\nestystayplatform\backend\tests\nestystay.api.tests\bin\debug\net10.0\nestystay.api.tests.dll" id="f5032dc0-1f1e-fedb-a8f2-bc572f128b38">
      <Execution id="04748d85-eda4-4300-b48e-4abd645490bf" />
      <TestMethod codeBase="C:\Users\Administrator\Desktop\nestystayPLATFORM\backend\tests\NestyStay.Api.Tests\bin\Debug\net10.0\NestyStay.Api.Tests.dll" adapterTypeName="executor://xunit/VsTestRunner3/netcore/" className="NestyStay.Api.Tests.WebhookSecurityTests" name="StripeWrapperWebhookIsRejectedInProduction" />
    </UnitTest>
    <UnitTest name="NestyStay.Api.Tests.PhaseTwoEndpointTests.AllAdminOnlyMutationEndpointsRejectMissingBearerToken" storage="c:\users\administrator\desktop\nestystayplatform\backend\tests\nestystay.api.tests\bin\debug\net10.0\nestystay.api.tests.dll" id="f1723ab8-55c3-099a-b63e-6d1b54c3d338">
      <Execution id="4163c976-3849-4be0-8072-a308761a62dc" />
      <TestMethod codeBase="C:\Users\Administrator\Desktop\nestystayPLATFORM\backend\tests\NestyStay.Api.Tests\bin\Debug\net10.0\NestyStay.Api.Tests.dll" adapterTypeName="executor://xunit/VsTestRunner3/netcore/" className="NestyStay.Api.Tests.PhaseTwoEndpointTests" name="AllAdminOnlyMutationEndpointsRejectMissingBearerToken" />
    </UnitTest>
    <UnitTest name="NestyStay.Api.Tests.HealthEndpointTests.PasswordResetIsGenericOneTimeAndInvalidatesIssuedSessions" storage="c:\users\administrator\desktop\nestystayplatform\backend\tests\nestystay.api.tests\bin\debug\net10.0\nestystay.api.tests.dll" id="988d4eed-1131-dc8a-995c-5f3ea10f34e5">
      <Execution id="23fc350a-00a2-405b-b4c3-53d61aefd696" />
      <TestMethod codeBase="C:\Users\Administrator\Desktop\nestystayPLATFORM\backend\tests\NestyStay.Api.Tests\bin\Debug\net10.0\NestyStay.Api.Tests.dll" adapterTypeName="executor://xunit/VsTestRunner3/netcore/" className="NestyStay.Api.Tests.HealthEndpointTests" name="PasswordResetIsGenericOneTimeAndInvalidatesIssuedSessions" />
    </UnitTest>
    <UnitTest name="NestyStay.Api.Tests.HealthEndpointTests.BackendJobsEndpointReturnsPlannedJobs" storage="c:\users\administrator\desktop\nestystayplatform\backend\tests\nestystay.api.tests\bin\debug\net10.0\nestystay.api.tests.dll" id="050d6637-f1d9-3e01-a2f1-2da44a4b9c31">
      <Execution id="18405e8e-7b60-4579-962c-d5ee19e83116" />
      <TestMethod codeBase="C:\Users\Administrator\Desktop\nestystayPLATFORM\backend\tests\NestyStay.Api.Tests\bin\Debug\net10.0\NestyStay.Api.Tests.dll" adapterTypeName="executor://xunit/VsTestRunner3/netcore/" className="NestyStay.Api.Tests.HealthEndpointTests" name="BackendJobsEndpointReturnsPlannedJobs" />
    </UnitTest>
    <UnitTest name="NestyStay.Api.Tests.AdminIdentityEndpointTests.TotpEnabledAdministratorMustCompleteChallengeBeforeSessionIsIssued" storage="c:\users\administrator\desktop\nestystayplatform\backend\tests\nestystay.api.tests\bin\debug\net10.0\nestystay.api.tests.dll" id="bc880e19-5001-131e-4b89-93809d9a2b13">
      <Execution id="720402f8-5f21-49a7-8f8a-ec05da845c32" />
      <TestMethod codeBase="C:\Users\Administrator\Desktop\nestystayPLATFORM\backend\tests\NestyStay.Api.Tests\bin\Debug\net10.0\NestyStay.Api.Tests.dll" adapterTypeName="executor://xunit/VsTestRunner3/netcore/" className="NestyStay.Api.Tests.AdminIdentityEndpointTests" name="TotpEnabledAdministratorMustCompleteChallengeBeforeSessionIsIssued" />
    </UnitTest>
    <UnitTest name="NestyStay.Api.Tests.M3M4EndpointTests.ProviderSelfServiceRegistrationCreatesAReviewableDirectoryProfile" storage="c:\users\administrator\desktop\nestystayplatform\backend\tests\nestystay.api.tests\bin\debug\net10.0\nestystay.api.tests.dll" id="2d3222b2-e5e7-3441-7e94-a5ccfefc71ca">
      <Execution id="7085b511-67bc-4037-87a2-15157cce5176" />
      <TestMethod codeBase="C:\Users\Administrator\Desktop\nestystayPLATFORM\backend\tests\NestyStay.Api.Tests\bin\Debug\net10.0\NestyStay.Api.Tests.dll" adapterTypeName="executor://xunit/VsTestRunner3/netcore/" className="NestyStay.Api.Tests.M3M4EndpointTests" name="ProviderSelfServiceRegistrationCreatesAReviewableDirectoryProfile" />
    </UnitTest>
    <UnitTest name="NestyStay.Api.Tests.AdminIdentityEndpointTests.BootstrapCreatesNamedAdministratorAndDoesNotResetPasswordOrPermissions" storage="c:\users\administrator\desktop\nestystayplatform\backend\tests\nestystay.api.tests\bin\debug\net10.0\nestystay.api.tests.dll" id="bd63d979-fcf2-4ed9-829b-dbd871ad75ab">
      <Execution id="8d2850cf-041d-48db-bf3e-fa05ad56c01a" />
      <TestMethod codeBase="C:\Users\Administrator\Desktop\nestystayPLATFORM\backend\tests\NestyStay.Api.Tests\bin\Debug\net10.0\NestyStay.Api.Tests.dll" adapterTypeName="executor://xunit/VsTestRunner3/netcore/" className="NestyStay.Api.Tests.AdminIdentityEndpointTests" name="BootstrapCreatesNamedAdministratorAndDoesNotResetPasswordOrPermissions" />
    </UnitTest>
    <UnitTest name="NestyStay.Api.Tests.SignedAccessTokenSecurityTests.ProtectedEndpointsRejectInvalidTokenClaimsAndMalformedPayloads" storage="c:\users\administrator\desktop\nestystayplatform\backend\tests\nestystay.api.tests\bin\debug\net10.0\nestystay.api.tests.dll" id="a294fcec-f403-fb9a-e593-132cb62d46fd">
      <Execution id="f29d3501-b062-45e1-9ce3-bb3e1172ab29" />
      <TestMethod codeBase="C:\Users\Administrator\Desktop\nestystayPLATFORM\backend\tests\NestyStay.Api.Tests\bin\Debug\net10.0\NestyStay.Api.Tests.dll" adapterTypeName="executor://xunit/VsTestRunner3/netcore/" className="NestyStay.Api.Tests.SignedAccessTokenSecurityTests" name="ProtectedEndpointsRejectInvalidTokenClaimsAndMalformedPayloads" />
    </UnitTest>
    <UnitTest name="NestyStay.Api.Tests.SignedAccessTokenSecurityTests.SignedTokenServiceUsesCurrentKeyAndAcceptsConfiguredRotationKeys" storage="c:\users\administrator\desktop\nestystayplatform\backend\tests\nestystay.api.tests\bin\debug\net10.0\nestystay.api.tests.dll" id="20bc463e-822d-d075-fb6d-b2876497d670">
      <Execution id="a2b3675d-62fb-4e27-8c41-9c0b6de78fdc" />
      <TestMethod codeBase="C:\Users\Administrator\Desktop\nestystayPLATFORM\backend\tests\NestyStay.Api.Tests\bin\Debug\net10.0\NestyStay.Api.Tests.dll" adapterTypeName="executor://xunit/VsTestRunner3/netcore/" className="NestyStay.Api.Tests.SignedAccessTokenSecurityTests" name="SignedTokenServiceUsesCurrentKeyAndAcceptsConfiguredRotationKeys" />
    </UnitTest>
    <UnitTest name="NestyStay.Api.Tests.HealthEndpointTests.BackendSchemaEndpointReturnsRules" storage="c:\users\administrator\desktop\nestystayplatform\backend\tests\nestystay.api.tests\bin\debug\net10.0\nestystay.api.tests.dll" id="e799a68c-81c4-2b5c-8219-ef10bad59928">
      <Execution id="a17a9500-1574-4504-b84a-c58b58e6163d" />
      <TestMethod codeBase="C:\Users\Administrator\Desktop\nestystayPLATFORM\backend\tests\NestyStay.Api.Tests\bin\Debug\net10.0\NestyStay.Api.Tests.dll" adapterTypeName="executor://xunit/VsTestRunner3/netcore/" className="NestyStay.Api.Tests.HealthEndpointTests" name="BackendSchemaEndpointReturnsRules" />
    </UnitTest>
    <UnitTest name="NestyStay.Api.Tests.WellnessEndpointTests.OfficerOnboardingAndAdminVerificationEnforceMilestoneRules" storage="c:\users\administrator\desktop\nestystayplatform\backend\tests\nestystay.api.tests\bin\debug\net10.0\nestystay.api.tests.dll" id="03d06a59-784b-9708-93ef-f385639a2cfa">
      <Execution id="d361237b-aa63-44ce-b80f-0a3a8f9b3647" />
      <TestMethod codeBase="C:\Users\Administrator\Desktop\nestystayPLATFORM\backend\tests\NestyStay.Api.Tests\bin\Debug\net10.0\NestyStay.Api.Tests.dll" adapterTypeName="executor://xunit/VsTestRunner3/netcore/" className="NestyStay.Api.Tests.WellnessEndpointTests" name="OfficerOnboardingAndAdminVerificationEnforceMilestoneRules" />
    </UnitTest>
    <UnitTest name="NestyStay.Api.Tests.ApiExceptionMiddlewareTests.BookingStateConflictMapsToConflictProblemDetails" storage="c:\users\administrator\desktop\nestystayplatform\backend\tests\nestystay.api.tests\bin\debug\net10.0\nestystay.api.tests.dll" id="47aab41e-8de5-1816-a122-90a49ee228b8">
      <Execution id="f435dd1b-9eda-4a40-9776-1b1aad43e250" />
      <TestMethod codeBase="C:\Users\Administrator\Desktop\nestystayPLATFORM\backend\tests\NestyStay.Api.Tests\bin\Debug\net10.0\NestyStay.Api.Tests.dll" adapterTypeName="executor://xunit/VsTestRunner3/netcore/" className="NestyStay.Api.Tests.ApiExceptionMiddlewareTests" name="BookingStateConflictMapsToConflictProblemDetails" />
    </UnitTest>
  </TestDefinitions>
  <TestEntries>
    <TestEntry testId="db95b519-82da-c73a-71d4-55a0507ea671" executionId="1c384f6b-ef4a-4fa0-bebf-c061e0f92d7d" testListId="8c84fa94-04c1-424b-9868-57a2d4851a1d" />
    <TestEntry testId="23f38971-c222-3798-1708-408fffdeb41a" executionId="0e2d5dce-4522-48fc-a77b-fdc9eef924aa" testListId="8c84fa94-04c1-424b-9868-57a2d4851a1d" />
    <TestEntry testId="ef05a491-6a22-937f-d1a3-6fe89aaafe5d" executionId="43f9d58c-4735-4f86-8414-89fc301b1eab" testListId="8c84fa94-04c1-424b-9868-57a2d4851a1d" />
    <TestEntry testId="a622d929-8025-9416-398a-872dee8ba707" executionId="3cdc59b3-4986-49c1-9c1a-4a7a8b6029e5" testListId="8c84fa94-04c1-424b-9868-57a2d4851a1d" />
    <TestEntry testId="20bc463e-822d-d075-fb6d-b2876497d670" executionId="a2b3675d-62fb-4e27-8c41-9c0b6de78fdc" testListId="8c84fa94-04c1-424b-9868-57a2d4851a1d" />
    <TestEntry testId="fe763440-2734-22a4-0058-4285de96e7eb" executionId="4bdd904a-c301-479d-81ce-8c6558cf1365" testListId="8c84fa94-04c1-424b-9868-57a2d4851a1d" />
    <TestEntry testId="a40fe7f9-4e6e-f511-0ddd-f74f131a569f" executionId="6c46bbe9-4612-43ac-a37e-f745393ae9d7" testListId="8c84fa94-04c1-424b-9868-57a2d4851a1d" />
    <TestEntry testId="03d06a59-784b-9708-93ef-f385639a2cfa" executionId="d361237b-aa63-44ce-b80f-0a3a8f9b3647" testListId="8c84fa94-04c1-424b-9868-57a2d4851a1d" />
    <TestEntry testId="a8cc15a0-ca29-c54c-358b-1577b597e3e3" executionId="35d7feba-9fdb-4977-b0a9-9aac4bce34e5" testListId="8c84fa94-04c1-424b-9868-57a2d4851a1d" />
    <TestEntry testId="f07168be-53ef-6bc4-fbc1-29c35e0b05a2" executionId="0e66128c-6252-4b96-9208-3942da9aa090" testListId="8c84fa94-04c1-424b-9868-57a2d4851a1d" />
    <TestEntry testId="f5032dc0-1f1e-fedb-a8f2-bc572f128b38" executionId="04748d85-eda4-4300-b48e-4abd645490bf" testListId="8c84fa94-04c1-424b-9868-57a2d4851a1d" />
    <TestEntry testId="174a288d-db39-1bbf-c11d-0b7abaab357c" executionId="db4d862f-aaf3-4445-b5da-b7325fc9bcd3" testListId="8c84fa94-04c1-424b-9868-57a2d4851a1d" />
    <TestEntry testId="47afa8a5-f0a8-7cf1-4f57-6918bafc2edf" executionId="fc802e58-8a00-4e21-86a3-b420f5ce314f" testListId="8c84fa94-04c1-424b-9868-57a2d4851a1d" />
    <TestEntry testId="99c42aba-44af-430f-4302-ec361fb3cb34" executionId="b6f75f60-e92f-4875-80c4-1d4221ff42ea" testListId="8c84fa94-04c1-424b-9868-57a2d4851a1d" />
    <TestEntry testId="4e49918d-5d1e-9f2d-6fcb-2c3c59d54f6f" executionId="8e1df1b7-4f97-4a49-93cd-cc6799d5e84c" testListId="8c84fa94-04c1-424b-9868-57a2d4851a1d" />
    <TestEntry testId="f1723ab8-55c3-099a-b63e-6d1b54c3d338" executionId="4163c976-3849-4be0-8072-a308761a62dc" testListId="8c84fa94-04c1-424b-9868-57a2d4851a1d" />
    <TestEntry testId="2d3222b2-e5e7-3441-7e94-a5ccfefc71ca" executionId="7085b511-67bc-4037-87a2-15157cce5176" testListId="8c84fa94-04c1-424b-9868-57a2d4851a1d" />
    <TestEntry testId="9c956c4d-b372-c07b-db77-cd1bbe4b720a" executionId="d9381cf6-9fb6-4aee-ac7a-f9ced4ea7453" testListId="8c84fa94-04c1-424b-9868-57a2d4851a1d" />
    <TestEntry testId="abcf6998-aefa-dfc1-3962-88664b2da951" executionId="44c96a78-7131-4d14-a53b-b2ab9de4e3d7" testListId="8c84fa94-04c1-424b-9868-57a2d4851a1d" />
    <TestEntry testId="47aab41e-8de5-1816-a122-90a49ee228b8" executionId="f435dd1b-9eda-4a40-9776-1b1aad43e250" testListId="8c84fa94-04c1-424b-9868-57a2d4851a1d" />
    <TestEntry testId="814f487a-7ddb-313d-5c74-0aad8158e575" executionId="89b39f91-04de-49c4-845d-d1179e2775b3" testListId="8c84fa94-04c1-424b-9868-57a2d4851a1d" />
    <TestEntry testId="57660780-ffe7-7828-b5e9-edcda66e1aeb" executionId="d63ef78c-6f59-46e9-91b1-576afd304116" testListId="8c84fa94-04c1-424b-9868-57a2d4851a1d" />
    <TestEntry testId="a09cd3cc-e09f-0f8d-7e1a-f689f90bdf75" executionId="0243d7b0-0e41-4416-9fda-28acda793a19" testListId="8c84fa94-04c1-424b-9868-57a2d4851a1d" />
    <TestEntry testId="e799a68c-81c4-2b5c-8219-ef10bad59928" executionId="a17a9500-1574-4504-b84a-c58b58e6163d" testListId="8c84fa94-04c1-424b-9868-57a2d4851a1d" />
    <TestEntry testId="9d922cd9-ce9a-2d6b-5192-53f5441ed550" executionId="966afb30-e54b-45cc-a8f4-9adf326bbe7c" testListId="8c84fa94-04c1-424b-9868-57a2d4851a1d" />
    <TestEntry testId="f32e10b1-0e15-6035-d018-2c8aaeed7515" executionId="e198352e-41a4-4c49-8ed6-c3150c4c940d" testListId="8c84fa94-04c1-424b-9868-57a2d4851a1d" />
    <TestEntry testId="b4078be6-ed82-8dac-5dbe-f18938580bf0" executionId="cfc4d680-efa2-43c7-b349-7537b7baa461" testListId="8c84fa94-04c1-424b-9868-57a2d4851a1d" />
    <TestEntry testId="0067ee4e-f29e-9252-8079-121bdac5b6b2" executionId="1eab1a45-bc57-4706-bd6a-6c573f4c4072" testListId="8c84fa94-04c1-424b-9868-57a2d4851a1d" />
    <TestEntry testId="1a06195c-6e3d-6912-58fc-8752e9cb8f28" executionId="9f6cc0e4-70a9-4385-8bb7-3a7bf0871548" testListId="8c84fa94-04c1-424b-9868-57a2d4851a1d" />
    <TestEntry testId="dea9a08c-6450-3a8e-54f5-3b3fcb222503" executionId="0576fdf6-b870-43c6-8ad9-4e0f35d733c3" testListId="8c84fa94-04c1-424b-9868-57a2d4851a1d" />
    <TestEntry testId="d63d2493-5d63-c758-534e-fab7a6bf5a28" executionId="70d63720-d07f-43a0-8c87-e763afacee79" testListId="8c84fa94-04c1-424b-9868-57a2d4851a1d" />
    <TestEntry testId="bc880e19-5001-131e-4b89-93809d9a2b13" executionId="720402f8-5f21-49a7-8f8a-ec05da845c32" testListId="8c84fa94-04c1-424b-9868-57a2d4851a1d" />
    <TestEntry testId="9642adec-7efc-7024-c3db-c354e0d6e2fa" executionId="c10fe55d-bca2-465f-917f-57c362d91c06" testListId="8c84fa94-04c1-424b-9868-57a2d4851a1d" />
    <TestEntry testId="5451a9f7-adeb-aa83-1391-0eb1d9f660a9" executionId="98a909b3-20f6-478e-b8a0-c42cb8377565" testListId="8c84fa94-04c1-424b-9868-57a2d4851a1d" />
    <TestEntry testId="c2baa3c1-0ed1-7717-167d-87dbaca4a852" executionId="b37bafdf-1f72-4de8-b295-aafe76b5dfd4" testListId="8c84fa94-04c1-424b-9868-57a2d4851a1d" />
    <TestEntry testId="8babae04-48ab-f6de-06c7-29de520be270" executionId="9be35960-a175-4882-9dca-963f480f82e8" testListId="8c84fa94-04c1-424b-9868-57a2d4851a1d" />
    <TestEntry testId="6d349ab0-fe23-888e-0495-3164cd112bca" executionId="d29027ad-e280-4972-bdb9-98f8a16f359c" testListId="8c84fa94-04c1-424b-9868-57a2d4851a1d" />
    <TestEntry testId="bd63d979-fcf2-4ed9-829b-dbd871ad75ab" executionId="8d2850cf-041d-48db-bf3e-fa05ad56c01a" testListId="8c84fa94-04c1-424b-9868-57a2d4851a1d" />
    <TestEntry testId="d319f010-04f8-330f-791d-06cf17942245" executionId="d1231ec8-2956-4802-a7e8-310f3a637f4e" testListId="8c84fa94-04c1-424b-9868-57a2d4851a1d" />
    <TestEntry testId="3821c944-8192-954b-69fb-aaab5b720c07" executionId="6676379d-ee1a-48ba-b65c-0d4eefa68543" testListId="8c84fa94-04c1-424b-9868-57a2d4851a1d" />
    <TestEntry testId="a294fcec-f403-fb9a-e593-132cb62d46fd" executionId="f29d3501-b062-45e1-9ce3-bb3e1172ab29" testListId="8c84fa94-04c1-424b-9868-57a2d4851a1d" />
    <TestEntry testId="6729879b-c848-22e3-feeb-7c5fa76c27a4" executionId="b39ef217-0a4b-478b-848d-eff6fdb4f11d" testListId="8c84fa94-04c1-424b-9868-57a2d4851a1d" />
    <TestEntry testId="050d6637-f1d9-3e01-a2f1-2da44a4b9c31" executionId="18405e8e-7b60-4579-962c-d5ee19e83116" testListId="8c84fa94-04c1-424b-9868-57a2d4851a1d" />
    <TestEntry testId="0d1e5a33-eb6b-660e-d3bf-634292a5bff3" executionId="f5b39766-9d2c-44cf-a5a4-63be82bf4738" testListId="8c84fa94-04c1-424b-9868-57a2d4851a1d" />
    <TestEntry testId="988d4eed-1131-dc8a-995c-5f3ea10f34e5" executionId="23fc350a-00a2-405b-b4c3-53d61aefd696" testListId="8c84fa94-04c1-424b-9868-57a2d4851a1d" />
    <TestEntry testId="e85b413d-70b7-5435-3ec6-e62b4b61305f" executionId="b1b229be-d3f5-4fb8-bb33-a9ae72900be8" testListId="8c84fa94-04c1-424b-9868-57a2d4851a1d" />
    <TestEntry testId="9186a799-70e9-ed7d-ee27-61c475d1d6c5" executionId="1016cf02-b59f-4d28-9612-3f08bef68c89" testListId="8c84fa94-04c1-424b-9868-57a2d4851a1d" />
    <TestEntry testId="61af397d-8cad-2b8e-c120-cbad3382f2fe" executionId="2d7eb634-dd6d-4bb5-822c-30277c0f81c2" testListId="8c84fa94-04c1-424b-9868-57a2d4851a1d" />
  </TestEntries>
  <TestLists>
    <TestList name="Results Not in a List" id="8c84fa94-04c1-424b-9868-57a2d4851a1d" />
    <TestList name="All Loaded Results" id="19431567-8539-422a-85d7-44ee4e166bda" />
  </TestLists>
  <ResultSummary outcome="Completed">
    <Counters total="48" executed="48" passed="48" failed="0" error="0" timeout="0" aborted="0" inconclusive="0" passedButRunAborted="0" notRunnable="0" notExecuted="0" disconnected="0" warning="0" completed="0" inProgress="0" pending="0" />
    <Output>
      <StdOut>[xUnit.net 00:00:00.00] xUnit.net VSTest Adapter v3.1.5+1b188a7b0a (64-bit .NET 10.0.10)&#xD;
[xUnit.net 00:00:00.08]   Discovering: NestyStay.Api.Tests&#xD;
[xUnit.net 00:00:00.12]   Discovered:  NestyStay.Api.Tests&#xD;
[xUnit.net 00:00:00.14]   Starting:    NestyStay.Api.Tests&#xD;
info: Microsoft.Hosting.Lifetime[0]&#xD;
      Application started. Press Ctrl+C to shut down.&#xD;
info: Microsoft.Hosting.Lifetime[0]&#xD;
      Application started. Press Ctrl+C to shut down.&#xD;
info: Microsoft.Hosting.Lifetime[0]&#xD;
      Application started. Press Ctrl+C to shut down.&#xD;
info: Microsoft.Hosting.Lifetime[0]&#xD;
      Application started. Press Ctrl+C to shut down.&#xD;
info: Microsoft.Hosting.Lifetime[0]&#xD;
      Application started. Press Ctrl+C to shut down.&#xD;
info: Microsoft.Hosting.Lifetime[0]&#xD;
      Application started. Press Ctrl+C to shut down.&#xD;
info: Microsoft.Hosting.Lifetime[0]&#xD;
      Application started. Press Ctrl+C to shut down.&#xD;
info: Microsoft.Hosting.Lifetime[0]&#xD;
      Application started. Press Ctrl+C to shut down.&#xD;
info: Microsoft.Hosting.Lifetime[0]&#xD;
      Hosting environment: Testing&#xD;
info: Microsoft.Hosting.Lifetime[0]&#xD;
      Hosting environment: Testing&#xD;
info: Microsoft.Hosting.Lifetime[0]&#xD;
      Hosting environment: Testing&#xD;
info: Microsoft.Hosting.Lifetime[0]&#xD;
      Content root path: C:\Users\Administrator\Desktop\nestystayPLATFORM\backend\src\NestyStay.Api&#xD;
info: Microsoft.Hosting.Lifetime[0]&#xD;
      Content root path: C:\Users\Administrator\Desktop\nestystayPLATFORM\backend\src\NestyStay.Api&#xD;
info: Microsoft.Hosting.Lifetime[0]&#xD;
      Hosting environment: Testing&#xD;
info: Microsoft.Hosting.Lifetime[0]&#xD;
      Hosting environment: Testing&#xD;
info: Microsoft.Hosting.Lifetime[0]&#xD;
      Content root path: C:\Users\Administrator\Desktop\nestystayPLATFORM\backend\src\NestyStay.Api&#xD;
info: Microsoft.Hosting.Lifetime[0]&#xD;
      Hosting environment: Testing&#xD;
info: Microsoft.Hosting.Lifetime[0]&#xD;
      Content root path: C:\Users\Administrator\Desktop\nestystayPLATFORM\backend\src\NestyStay.Api&#xD;
info: Microsoft.Hosting.Lifetime[0]&#xD;
      Hosting environment: Testing&#xD;
info: Microsoft.Hosting.Lifetime[0]&#xD;
      Content root path: C:\Users\Administrator\Desktop\nestystayPLATFORM\backend\src\NestyStay.Api&#xD;
info: Microsoft.Hosting.Lifetime[0]&#xD;
      Content root path: C:\Users\Administrator\Desktop\nestystayPLATFORM\backend\src\NestyStay.Api&#xD;
info: Microsoft.Hosting.Lifetime[0]&#xD;
      Hosting environment: Testing&#xD;
info: Microsoft.Hosting.Lifetime[0]&#xD;
      Content root path: C:\Users\Administrator\Desktop\nestystayPLATFORM\backend\src\NestyStay.Api&#xD;
info: Microsoft.Hosting.Lifetime[0]&#xD;
      Content root path: C:\Users\Administrator\Desktop\nestystayPLATFORM\backend\src\NestyStay.Api&#xD;
info: NestyStay.Api.Auth.AdminTokenAuthenticationHandler[12]&#xD;
      AuthenticationScheme: NestyStayAdminToken was challenged.&#xD;
info: NestyStay.Api.Auth.AdminTokenAuthenticationHandler[12]&#xD;
      AuthenticationScheme: NestyStayAdminToken was challenged.&#xD;
info: NestyStay.Api.Auth.AdminTokenAuthenticationHandler[12]&#xD;
      AuthenticationScheme: NestyStayAdminToken was challenged.&#xD;
info: NestyStay.Api.Auth.AdminTokenAuthenticationHandler[12]&#xD;
      AuthenticationScheme: NestyStayAdminToken was challenged.&#xD;
info: NestyStay.Api.Auth.AdminTokenAuthenticationHandler[12]&#xD;
      AuthenticationScheme: NestyStayAdminToken was challenged.&#xD;
info: NestyStay.Api.Auth.AdminTokenAuthenticationHandler[12]&#xD;
      AuthenticationScheme: NestyStayAdminToken was challenged.&#xD;
info: NestyStay.Api.Auth.AdminTokenAuthenticationHandler[12]&#xD;
      AuthenticationScheme: NestyStayAdminToken was challenged.&#xD;
info: NestyStay.Api.Auth.AdminTokenAuthenticationHandler[12]&#xD;
      AuthenticationScheme: NestyStayAdminToken was challenged.&#xD;
info: Microsoft.Hosting.Lifetime[0]&#xD;
      Application started. Press Ctrl+C to shut down.&#xD;
info: Microsoft.Hosting.Lifetime[0]&#xD;
      Hosting environment: Development&#xD;
info: Microsoft.Hosting.Lifetime[0]&#xD;
      Content root path: C:\Users\Administrator\Desktop\nestystayPLATFORM\backend\src\NestyStay.Api&#xD;
info: Microsoft.Hosting.Lifetime[0]&#xD;
      Application is shutting down...&#xD;
info: Microsoft.Hosting.Lifetime[0]&#xD;
      Application is shutting down...&#xD;
info: NestyStay.Api.Auth.AdminTokenAuthenticationHandler[13]&#xD;
      AuthenticationScheme: NestyStayAdminToken was forbidden.&#xD;
info: NestyStay.Api.Auth.AdminTokenAuthenticationHandler[13]&#xD;
      AuthenticationScheme: NestyStayAdminToken was forbidden.&#xD;
info: Microsoft.EntityFrameworkCore.Update[30100]&#xD;
      Saved 1 entities to in-memory store.&#xD;
info: Microsoft.EntityFrameworkCore.Update[30100]&#xD;
      Saved 1 entities to in-memory store.&#xD;
info: Microsoft.EntityFrameworkCore.Update[30100]&#xD;
      Saved 1 entities to in-memory store.&#xD;
info: Microsoft.EntityFrameworkCore.Update[30100]&#xD;
      Saved 1 entities to in-memory store.&#xD;
info: Microsoft.EntityFrameworkCore.Update[30100]&#xD;
      Saved 1 entities to in-memory store.&#xD;
info: Microsoft.EntityFrameworkCore.Update[30100]&#xD;
      Saved 1 entities to in-memory store.&#xD;
warn: NestyStay.Api.Middleware.ApiExceptionMiddleware[0]&#xD;
      API authorization error&#xD;
      System.UnauthorizedAccessException: A signed session bearer token is required.&#xD;
         at NestyStay.Api.Auth.ResourceAuthorizationService.RequireSignedInUser(String message) in C:\Users\Administrator\Desktop\nestystayPLATFORM\backend\src\NestyStay.Api\Auth\ResourceAuthorizationService.cs:line 12&#xD;
         at NestyStay.Api.Auth.ResourceAuthorizationService.RequireResourceOwner(Guid expectedUserId) in C:\Users\Administrator\Desktop\nestystayPLATFORM\backend\src\NestyStay.Api\Auth\ResourceAuthorizationService.cs:line 16&#xD;
         at NestyStay.Api.Controllers.SpecCompletionController.GetTraveler(Guid userId, CancellationToken cancellationToken) in C:\Users\Administrator\Desktop\nestystayPLATFORM\backend\src\NestyStay.Api\Controllers\SpecCompletionController.cs:line 85&#xD;
         at lambda_method2669(Closure, Object)&#xD;
         at Microsoft.AspNetCore.Mvc.Infrastructure.ActionMethodExecutor.AwaitableObjectResultExecutor.Execute(ActionContext actionContext, IActionResultTypeMapper mapper, ObjectMethodExecutor executor, Object controller, Object[] arguments)&#xD;
         at Microsoft.AspNetCore.Mvc.Infrastructure.ControllerActionInvoker.&lt;InvokeActionMethodAsync&gt;g__Awaited|12_0(ControllerActionInvoker invoker, ValueTask`1 actionResultValueTask)&#xD;
         at Microsoft.AspNetCore.Mvc.Infrastructure.ControllerActionInvoker.&lt;InvokeNextActionFilterAsync&gt;g__Awaited|10_0(ControllerActionInvoker invoker, Task lastTask, State next, Scope scope, Object state, Boolean isCompleted)&#xD;
         at Microsoft.AspNetCore.Mvc.Infrastructure.ControllerActionInvoker.Rethrow(ActionExecutedContextSealed context)&#xD;
         at Microsoft.AspNetCore.Mvc.Infrastructure.ControllerActionInvoker.Next(State&amp; next, Scope&amp; scope, Object&amp; state, Boolean&amp; isCompleted)&#xD;
         at Microsoft.AspNetCore.Mvc.Infrastructure.ControllerActionInvoker.InvokeInnerFilterAsync()&#xD;
      --- End of stack trace from previous location ---&#xD;
         at Microsoft.AspNetCore.Mvc.Infrastructure.ResourceInvoker.&lt;InvokeFilterPipelineAsync&gt;g__Awaited|20_0(ResourceInvoker invoker, Task lastTask, State next, Scope scope, Object state, Boolean isCompleted)&#xD;
         at Microsoft.AspNetCore.Mvc.Infrastructure.ResourceInvoker.&lt;InvokeAsync&gt;g__Awaited|17_0(ResourceInvoker invoker, Task task, IDisposable scope)&#xD;
         at Microsoft.AspNetCore.Mvc.Infrastructure.ResourceInvoker.&lt;InvokeAsync&gt;g__Awaited|17_0(ResourceInvoker invoker, Task task, IDisposable scope)&#xD;
         at Microsoft.AspNetCore.Authorization.AuthorizationMiddleware.Invoke(HttpContext context)&#xD;
         at Microsoft.AspNetCore.Authentication.AuthenticationMiddleware.Invoke(HttpContext context)&#xD;
         at NestyStay.Api.Middleware.SecurityHeadersMiddlewareExtensions.&lt;&gt;c.&lt;&lt;UseProductionSecurityHeaders&gt;b__1_0&gt;d.MoveNext() in C:\Users\Administrator\Desktop\nestystayPLATFORM\backend\src\NestyStay.Api\Middleware\SecurityHeadersMiddlewareExtensions.cs:line 30&#xD;
      --- End of stack trace from previous location ---&#xD;
         at NestyStay.Api.Middleware.ApiExceptionMiddleware.InvokeAsync(HttpContext context) in C:\Users\Administrator\Desktop\nestystayPLATFORM\backend\src\NestyStay.Api\Middleware\ApiExceptionMiddleware.cs:line 14&#xD;
info: Microsoft.EntityFrameworkCore.Update[30100]&#xD;
      Saved 22 entities to in-memory store.&#xD;
info: Microsoft.EntityFrameworkCore.Update[30100]&#xD;
      Saved 1 entities to in-memory store.&#xD;
info: NestyStay.Api.Auth.AdminTokenAuthenticationHandler[12]&#xD;
      AuthenticationScheme: NestyStayAdminToken was challenged.&#xD;
info: NestyStay.Api.Auth.AdminTokenAuthenticationHandler[13]&#xD;
      AuthenticationScheme: NestyStayAdminToken was forbidden.&#xD;
info: Microsoft.Hosting.Lifetime[0]&#xD;
      Application started. Press Ctrl+C to shut down.&#xD;
info: Microsoft.Hosting.Lifetime[0]&#xD;
      Hosting environment: Testing&#xD;
info: Microsoft.Hosting.Lifetime[0]&#xD;
      Content root path: C:\Users\Administrator\Desktop\nestystayPLATFORM\backend\src\NestyStay.Api&#xD;
info: NestyStay.Api.Auth.AdminTokenAuthenticationHandler[12]&#xD;
      AuthenticationScheme: NestyStayAdminToken was challenged.&#xD;
warn: NestyStay.Api.Middleware.ApiExceptionMiddleware[0]&#xD;
      API authorization error&#xD;
      System.UnauthorizedAccessException: The bearer token does not match this resource owner.&#xD;
         at NestyStay.Api.Auth.ResourceAuthorizationService.RequireResourceOwner(Guid expectedUserId) in C:\Users\Administrator\Desktop\nestystayPLATFORM\backend\src\NestyStay.Api\Auth\ResourceAuthorizationService.cs:line 19&#xD;
[...]
         at NestyStay.Api.Controllers.SpecCompletionController.GenerateRecoveryCodes(Guid userId, CancellationToken cancellationToken) in C:\Users\Administrator\Desktop\nestystayPLATFORM\backend\src\NestyStay.Api\Controllers\SpecCompletionController.cs:line 437&#xD;
         at lambda_method17732(Closure, Object)&#xD;
         at Microsoft.AspNetCore.Mvc.Infrastructure.ActionMethodExecutor.AwaitableObjectResultExecutor.Execute(ActionContext actionContext, IActionResultTypeMapper mapper, ObjectMethodExecutor executor, Object controller, Object[] arguments)&#xD;
         at Microsoft.AspNetCore.Mvc.Infrastructure.ControllerActionInvoker.&lt;InvokeActionMethodAsync&gt;g__Awaited|12_0(ControllerActionInvoker invoker, ValueTask`1 actionResultValueTask)&#xD;
         at Microsoft.AspNetCore.Mvc.Infrastructure.ControllerActionInvoker.&lt;InvokeNextActionFilterAsync&gt;g__Awaited|10_0(ControllerActionInvoker invoker, Task lastTask, State next, Scope scope, Object state, Boolean isCompleted)&#xD;
         at Microsoft.AspNetCore.Mvc.Infrastructure.ControllerActionInvoker.Rethrow(ActionExecutedContextSealed context)&#xD;
         at Microsoft.AspNetCore.Mvc.Infrastructure.ControllerActionInvoker.Next(State&amp; next, Scope&amp; scope, Object&amp; state, Boolean&amp; isCompleted)&#xD;
         at Microsoft.AspNetCore.Mvc.Infrastructure.ControllerActionInvoker.InvokeInnerFilterAsync()&#xD;
      --- End of stack trace from previous location ---&#xD;
         at Microsoft.AspNetCore.Mvc.Infrastructure.ResourceInvoker.&lt;InvokeFilterPipelineAsync&gt;g__Awaited|20_0(ResourceInvoker invoker, Task lastTask, State next, Scope scope, Object state, Boolean isCompleted)&#xD;
         at Microsoft.AspNetCore.Mvc.Infrastructure.ResourceInvoker.&lt;InvokeAsync&gt;g__Awaited|17_0(ResourceInvoker invoker, Task task, IDisposable scope)&#xD;
         at Microsoft.AspNetCore.Mvc.Infrastructure.ResourceInvoker.&lt;InvokeAsync&gt;g__Awaited|17_0(ResourceInvoker invoker, Task task, IDisposable scope)&#xD;
         at Microsoft.AspNetCore.Authorization.AuthorizationMiddleware.Invoke(HttpContext context)&#xD;
         at Microsoft.AspNetCore.Authentication.AuthenticationMiddleware.Invoke(HttpContext context)&#xD;
         at NestyStay.Api.Middleware.SecurityHeadersMiddlewareExtensions.&lt;&gt;c.&lt;&lt;UseProductionSecurityHeaders&gt;b__1_0&gt;d.MoveNext() in C:\Users\Administrator\Desktop\nestystayPLATFORM\backend\src\NestyStay.Api\Middleware\SecurityHeadersMiddlewareExtensions.cs:line 30&#xD;
      --- End of stack trace from previous location ---&#xD;
         at NestyStay.Api.Middleware.ApiExceptionMiddleware.InvokeAsync(HttpContext context) in C:\Users\Administrator\Desktop\nestystayPLATFORM\backend\src\NestyStay.Api\Middleware\ApiExceptionMiddleware.cs:line 14&#xD;
info: Microsoft.EntityFrameworkCore.Update[30100]&#xD;
      Saved 9 entities to in-memory store.&#xD;
info: Microsoft.Hosting.Lifetime[0]&#xD;
      Application is shutting down...&#xD;
warn: NestyStay.Api.Middleware.ApiExceptionMiddleware[0]&#xD;
      API validation error&#xD;
      System.InvalidOperationException: Wellness report photos must reference prepared upload IDs.&#xD;
         at NestyStay.Infrastructure.Persistence.Milestones.EfWellnessStore.ResolveCleanWellnessReportPhotosAsync(MilestoneWellnessVisit visit, Guid officerId, IReadOnlyList`1 photoReferences, CancellationToken cancellationToken) in C:\Users\Administrator\Desktop\nestystayPLATFORM\backend\src\NestyStay.Infrastructure\Persistence\Milestones\EfWellnessStore.cs:line 909&#xD;
         at NestyStay.Infrastructure.Persistence.Milestones.EfWellnessStore.SubmitReportAsync(Guid visitId, SubmitWellnessReportRequest request, Boolean adminOverride, CancellationToken cancellationToken) in C:\Users\Administrator\Desktop\nestystayPLATFORM\backend\src\NestyStay.Infrastructure\Persistence\Milestones\EfWellnessStore.cs:line 562&#xD;
         at NestyStay.Api.Controllers.WellnessController.SubmitReport(Guid visitId, SubmitWellnessReportRequest request, CancellationToken cancellationToken) in C:\Users\Administrator\Desktop\nestystayPLATFORM\backend\src\NestyStay.Api\Controllers\WellnessController.cs:line 293&#xD;
         at Microsoft.AspNetCore.Mvc.Infrastructure.ActionMethodExecutor.TaskOfIActionResultExecutor.Execute(ActionContext actionContext, IActionResultTypeMapper mapper, ObjectMethodExecutor executor, Object controller, Object[] arguments)&#xD;
         at Microsoft.AspNetCore.Mvc.Infrastructure.ControllerActionInvoker.&lt;InvokeActionMethodAsync&gt;g__Awaited|12_0(ControllerActionInvoker invoker, ValueTask`1 actionResultValueTask)&#xD;
         at Microsoft.AspNetCore.Mvc.Infrastructure.ControllerActionInvoker.&lt;InvokeNextActionFilterAsync&gt;g__Awaited|10_0(ControllerActionInvoker invoker, Task lastTask, State next, Scope scope, Object state, Boolean isCompleted)&#xD;
         at Microsoft.AspNetCore.Mvc.Infrastructure.ControllerActionInvoker.Rethrow(ActionExecutedContextSealed context)&#xD;
         at Microsoft.AspNetCore.Mvc.Infrastructure.ControllerActionInvoker.Next(State&amp; next, Scope&amp; scope, Object&amp; state, Boolean&amp; isCompleted)&#xD;
         at Microsoft.AspNetCore.Mvc.Infrastructure.ControllerActionInvoker.InvokeInnerFilterAsync()&#xD;
      --- End of stack trace from previous location ---&#xD;
         at Microsoft.AspNetCore.Mvc.Infrastructure.ResourceInvoker.&lt;InvokeFilterPipelineAsync&gt;g__Awaited|20_0(ResourceInvoker invoker, Task lastTask, State next, Scope scope, Object state, Boolean isCompleted)&#xD;
         at Microsoft.AspNetCore.Mvc.Infrastructure.ResourceInvoker.&lt;InvokeAsync&gt;g__Awaited|17_0(ResourceInvoker invoker, Task task, IDisposable scope)&#xD;
         at Microsoft.AspNetCore.Mvc.Infrastructure.ResourceInvoker.&lt;InvokeAsync&gt;g__Awaited|17_0(ResourceInvoker invoker, Task task, IDisposable scope)&#xD;
         at Microsoft.AspNetCore.Authorization.AuthorizationMiddleware.Invoke(HttpContext context)&#xD;
         at Microsoft.AspNetCore.Authentication.AuthenticationMiddleware.Invoke(HttpContext context)&#xD;
         at NestyStay.Api.Middleware.SecurityHeadersMiddlewareExtensions.&lt;&gt;c.&lt;&lt;UseProductionSecurityHeaders&gt;b__1_0&gt;d.MoveNext() in C:\Users\Administrator\Desktop\nestystayPLATFORM\backend\src\NestyStay.Api\Middleware\SecurityHeadersMiddlewareExtensions.cs:line 30&#xD;
      --- End of stack trace from previous location ---&#xD;
         at NestyStay.Api.Middleware.ApiExceptionMiddleware.InvokeAsync(HttpContext context) in C:\Users\Administrator\Desktop\nestystayPLATFORM\backend\src\NestyStay.Api\Middleware\ApiExceptionMiddleware.cs:line 14&#xD;
warn: NestyStay.Api.Middleware.ApiExceptionMiddleware[0]&#xD;
      API validation error&#xD;
      System.InvalidOperationException: Wellness report photo type is not allowed.&#xD;
         at NestyStay.Infrastructure.Persistence.Milestones.EfWellnessStore.ValidateWellnessReportPhoto(String fileName, String contentType, Int64 sizeBytes) in C:\Users\Administrator\Desktop\nestystayPLATFORM\backend\src\NestyStay.Infrastructure\Persistence\Milestones\EfWellnessStore.cs:line 1000&#xD;
         at NestyStay.Infrastructure.Persistence.Milestones.EfWellnessStore.PrepareReportPhotoUploadAsync(Guid visitId, PrepareWellnessReportPhotoUploadRequest request, Boolean adminOverride, CancellationToken cancellationToken) in C:\Users\Administrator\Desktop\nestystayPLATFORM\backend\src\NestyStay.Infrastructure\Persistence\Milestones\EfWellnessStore.cs:line 449&#xD;
         at NestyStay.Api.Controllers.WellnessController.PrepareOfficerResultAsync[T](Guid visitId, String badgeNumber, Func`1 operation, CancellationToken cancellationToken) in C:\Users\Administrator\Desktop\nestystayPLATFORM\backend\src\NestyStay.Api\Controllers\WellnessController.cs:line 436&#xD;
         at NestyStay.Api.Controllers.WellnessController.PrepareReportPhotoUpload(Guid visitId, PrepareWellnessReportPhotoUploadRequest request, CancellationToken cancellationToken) in C:\Users\Administrator\Desktop\nestystayPLATFORM\backend\src\NestyStay.Api\Controllers\WellnessController.cs:line 239&#xD;
         at Microsoft.AspNetCore.Mvc.Infrastructure.ActionMethodExecutor.TaskOfIActionResultExecutor.Execute(ActionContext actionContext, IActionResultTypeMapper mapper, ObjectMethodExecutor executor, Object controller, Object[] arguments)&#xD;
         at Microsoft.AspNetCore.Mvc.Infrastructure.ControllerActionInvoker.&lt;InvokeActionMethodAsync&gt;g__Awaited|12_0(ControllerActionInvoker invoker, ValueTask`1 actionResultValueTask)&#xD;
         at Microsoft.AspNetCore.Mvc.Infrastructure.ControllerActionInvoker.&lt;InvokeNextActionFilterAsync&gt;g__Awaited|10_0(ControllerActionInvoker invoker, Task lastTask, State next, Scope scope, Object state, Boolean isCompleted)&#xD;
         at Microsoft.AspNetCore.Mvc.Infrastructure.ControllerActionInvoker.Rethrow(ActionExecutedContextSealed context)&#xD;
         at Microsoft.AspNetCore.Mvc.Infrastructure.ControllerActionInvoker.Next(State&amp; next, Scope&amp; scope, Object&amp; state, Boolean&amp; isCompleted)&#xD;
         at Microsoft.AspNetCore.Mvc.Infrastructure.ControllerActionInvoker.InvokeInnerFilterAsync()&#xD;
      --- End of stack trace from previous location ---&#xD;
         at Microsoft.AspNetCore.Mvc.Infrastructure.ResourceInvoker.&lt;InvokeFilterPipelineAsync&gt;g__Awaited|20_0(ResourceInvoker invoker, Task lastTask, State next, Scope scope, Object state, Boolean isCompleted)&#xD;
         at Microsoft.AspNetCore.Mvc.Infrastructure.ResourceInvoker.&lt;InvokeAsync&gt;g__Awaited|17_0(ResourceInvoker invoker, Task task, IDisposable scope)&#xD;
         at Microsoft.AspNetCore.Mvc.Infrastructure.ResourceInvoker.&lt;InvokeAsync&gt;g__Awaited|17_0(ResourceInvoker invoker, Task task, IDisposable scope)&#xD;
         at Microsoft.AspNetCore.Authorization.AuthorizationMiddleware.Invoke(HttpContext context)&#xD;
         at Microsoft.AspNetCore.Authentication.AuthenticationMiddleware.Invoke(HttpContext context)&#xD;
         at NestyStay.Api.Middleware.SecurityHeadersMiddlewareExtensions.&lt;&gt;c.&lt;&lt;UseProductionSecurityHeaders&gt;b__1_0&gt;d.MoveNext() in C:\Users\Administrator\Desktop\nestystayPLATFORM\backend\src\NestyStay.Api\Middleware\SecurityHeadersMiddlewareExtensions.cs:line 30&#xD;
      --- End of stack trace from previous location ---&#xD;
         at NestyStay.Api.Middleware.ApiExceptionMiddleware.InvokeAsync(HttpContext context) in C:\Users\Administrator\Desktop\nestystayPLATFORM\backend\src\NestyStay.Api\Middleware\ApiExceptionMiddleware.cs:line 14&#xD;
info: Microsoft.EntityFrameworkCore.Update[30100]&#xD;
      Saved 1 entities to in-memory store.&#xD;
warn: Microsoft.AspNetCore.Routing.EndpointRoutingMiddleware[9]&#xD;
      A request body size limit could not be applied. This server does not support the IHttpMaxRequestBodySizeFeature.&#xD;
warn: Microsoft.AspNetCore.Mvc.Filters.RequestSizeLimitFilter[1]&#xD;
      A request body size limit could not be applied. This server does not support the IHttpRequestBodySizeFeature.&#xD;
info: Microsoft.EntityFrameworkCore.Update[30100]&#xD;
      Saved 1 entities to in-memory store.&#xD;
warn: NestyStay.Api.Middleware.ApiExceptionMiddleware[0]&#xD;
      API validation error&#xD;
      System.InvalidOperationException: Attachment bytes do not match the declared content type.&#xD;
         at NestyStay.Infrastructure.Persistence.Milestones.EfWellnessStore.FinalizeReportPhotoUploadAsync(MilestoneWellnessReportPhoto photo, DateTimeOffset verifiedAt, String providerName, String contentType, Int64 sizeBytes, String sha256Hash, Byte[] headerBytes, CancellationToken cancellationToken) in C:\Users\Administrator\Desktop\nestystayPLATFORM\backend\src\NestyStay.Infrastructure\Persistence\Milestones\EfWellnessStore.cs:line 884&#xD;
         at NestyStay.Infrastructure.Persistence.Milestones.EfWellnessStore.UploadReportPhotoContentAsync(Guid visitId, Guid photoId, String officerBadgeNumber, String contentType, Int64 sizeBytes, Stream content, Boolean adminOverride, CancellationToken cancellationToken) in C:\Users\Administrator\Desktop\nestystayPLATFORM\backend\src\NestyStay.Infrastructure\Persistence\Milestones\EfWellnessStore.cs:line 512&#xD;
         at NestyStay.Api.Controllers.WellnessController.PrepareOfficerResultAsync[T](Guid visitId, String badgeNumber, Func`1 operation, CancellationToken cancellationToken) in C:\Users\Administrator\Desktop\nestystayPLATFORM\backend\src\NestyStay.Api\Controllers\WellnessController.cs:line 436&#xD;
         at NestyStay.Api.Controllers.WellnessController.UploadReportPhotoContent(Guid visitId, Guid photoId, String officerBadgeNumber, CancellationToken cancellationToken) in C:\Users\Administrator\Desktop\nestystayPLATFORM\backend\src\NestyStay.Api\Controllers\WellnessController.cs:line 249&#xD;
         at Microsoft.AspNetCore.Mvc.Infrastructure.ActionMethodExecutor.TaskOfIActionResultExecutor.Execute(ActionContext actionContext, IActionResultTypeMapper mapper, ObjectMethodExecutor executor, Object controller, Object[] arguments)&#xD;
         at Microsoft.AspNetCore.Mvc.Infrastructure.ControllerActionInvoker.&lt;InvokeActionMethodAsync&gt;g__Awaited|12_0(ControllerActionInvoker invoker, ValueTask`1 actionResultValueTask)&#xD;
         at Microsoft.AspNetCore.Mvc.Infrastructure.ControllerActionInvoker.&lt;InvokeNextActionFilterAsync&gt;g__Awaited|10_0(ControllerActionInvoker invoker, Task lastTask, State next, Scope scope, Object state, Boolean isCompleted)&#xD;
         at Microsoft.AspNetCore.Mvc.Infrastructure.ControllerActionInvoker.Rethrow(ActionExecutedContextSealed context)&#xD;
         at Microsoft.AspNetCore.Mvc.Infrastructure.ControllerActionInvoker.Next(State&amp; next, Scope&amp; scope, Object&amp; state, Boolean&amp; isCompleted)&#xD;
         at Microsoft.AspNetCore.Mvc.Infrastructure.ControllerActionInvoker.&lt;InvokeInnerFilterAsync&gt;g__Awaited|13_0(ControllerActionInvoker invoker, Task lastTask, State next, Scope scope, Object state, Boolean isCompleted)&#xD;
         at Microsoft.AspNetCore.Mvc.Infrastructure.ResourceInvoker.&lt;InvokeFilterPipelineAsync&gt;g__Awaited|20_0(ResourceInvoker invoker, Task lastTask, State next, Scope scope, Object state, Boolean isCompleted)&#xD;
         at Microsoft.AspNetCore.Mvc.Infrastructure.ResourceInvoker.&lt;InvokeAsync&gt;g__Awaited|17_0(ResourceInvoker invoker, Task task, IDisposable scope)&#xD;
         at Microsoft.AspNetCore.Mvc.Infrastructure.ResourceInvoker.&lt;InvokeAsync&gt;g__Awaited|17_0(ResourceInvoker invoker, Task task, IDisposable scope)&#xD;
         at Microsoft.AspNetCore.Authorization.AuthorizationMiddleware.Invoke(HttpContext context)&#xD;
         at Microsoft.AspNetCore.Authentication.AuthenticationMiddleware.Invoke(HttpContext context)&#xD;
         at NestyStay.Api.Middleware.SecurityHeadersMiddlewareExtensions.&lt;&gt;c.&lt;&lt;UseProductionSecurityHeaders&gt;b__1_0&gt;d.MoveNext() in C:\Users\Administrator\Desktop\nestystayPLATFORM\backend\src\NestyStay.Api\Middleware\SecurityHeadersMiddlewareExtensions.cs:line 30&#xD;
      --- End of stack trace from previous location ---&#xD;
         at NestyStay.Api.Middleware.ApiExceptionMiddleware.InvokeAsync(HttpContext context) in C:\Users\Administrator\Desktop\nestystayPLATFORM\backend\src\NestyStay.Api\Middleware\ApiExceptionMiddleware.cs:line 14&#xD;
info: Microsoft.EntityFrameworkCore.Update[30100]&#xD;
      Saved 1 entities to in-memory store.&#xD;
warn: Microsoft.AspNetCore.Routing.EndpointRoutingMiddleware[9]&#xD;
      A request body size limit could not be applied. This server does not support the IHttpMaxRequestBodySizeFeature.&#xD;
warn: Microsoft.AspNetCore.Mvc.Filters.RequestSizeLimitFilter[1]&#xD;
      A request body size limit could not be applied. This server does not support the IHttpRequestBodySizeFeature.&#xD;
info: Microsoft.EntityFrameworkCore.Update[30100]&#xD;
      Saved 1 entities to in-memory store.&#xD;
info: Microsoft.EntityFrameworkCore.Update[30100]&#xD;
      Saved 4 entities to in-memory store.&#xD;
warn: NestyStay.Api.Middleware.ApiExceptionMiddleware[0]&#xD;
      API validation error&#xD;
      System.InvalidOperationException: Completed visits cannot be cancelled.&#xD;
         at NestyStay.Infrastructure.Persistence.Milestones.EfWellnessStore.CancelVisitAsync(Guid visitId, CancelWellnessVisitRequest request, CancellationToken cancellationToken) in C:\Users\Administrator\Desktop\nestystayPLATFORM\backend\src\NestyStay.Infrastructure\Persistence\Milestones\EfWellnessStore.cs:line 421&#xD;
         at NestyStay.Api.Controllers.WellnessController.CancelVisit(Guid visitId, CancelWellnessVisitRequest request, CancellationToken cancellationToken) in C:\Users\Administrator\Desktop\nestystayPLATFORM\backend\src\NestyStay.Api\Controllers\WellnessController.cs:line 231&#xD;
         at Microsoft.AspNetCore.Mvc.Infrastructure.ActionMethodExecutor.TaskOfIActionResultExecutor.Execute(ActionContext actionContext, IActionResultTypeMapper mapper, ObjectMethodExecutor executor, Object controller, Object[] arguments)&#xD;
         at Microsoft.AspNetCore.Mvc.Infrastructure.ControllerActionInvoker.&lt;InvokeActionMethodAsync&gt;g__Awaited|12_0(ControllerActionInvoker invoker, ValueTask`1 actionResultValueTask)&#xD;
         at Microsoft.AspNetCore.Mvc.Infrastructure.ControllerActionInvoker.&lt;InvokeNextActionFilterAsync&gt;g__Awaited|10_0(ControllerActionInvoker invoker, Task lastTask, State next, Scope scope, Object state, Boolean isCompleted)&#xD;
         at Microsoft.AspNetCore.Mvc.Infrastructure.ControllerActionInvoker.Rethrow(ActionExecutedContextSealed context)&#xD;
         at Microsoft.AspNetCore.Mvc.Infrastructure.ControllerActionInvoker.Next(State&amp; next, Scope&amp; scope, Object&amp; state, Boolean&amp; isCompleted)&#xD;
         at Microsoft.AspNetCore.Mvc.Infrastructure.ControllerActionInvoker.InvokeInnerFilterAsync()&#xD;
      --- End of stack trace from previous location ---&#xD;
         at Microsoft.AspNetCore.Mvc.Infrastructure.ResourceInvoker.&lt;InvokeFilterPipelineAsync&gt;g__Awaited|20_0(ResourceInvoker invoker, Task lastTask, State next, Scope scope, Object state, Boolean isCompleted)&#xD;
         at Microsoft.AspNetCore.Mvc.Infrastructure.ResourceInvoker.&lt;InvokeAsync&gt;g__Awaited|17_0(ResourceInvoker invoker, Task task, IDisposable scope)&#xD;
         at Microsoft.AspNetCore.Mvc.Infrastructure.ResourceInvoker.&lt;InvokeAsync&gt;g__Awaited|17_0(ResourceInvoker invoker, Task task, IDisposable scope)&#xD;
         at Microsoft.AspNetCore.Authorization.AuthorizationMiddleware.Invoke(HttpContext context)&#xD;
         at Microsoft.AspNetCore.Authentication.AuthenticationMiddleware.Invoke(HttpContext context)&#xD;
         at NestyStay.Api.Middleware.SecurityHeadersMiddlewareExtensions.&lt;&gt;c.&lt;&lt;UseProductionSecurityHeaders&gt;b__1_0&gt;d.MoveNext() in C:\Users\Administrator\Desktop\nestystayPLATFORM\backend\src\NestyStay.Api\Middleware\SecurityHeadersMiddlewareExtensions.cs:line 30&#xD;
      --- End of stack trace from previous location ---&#xD;
         at NestyStay.Api.Middleware.ApiExceptionMiddleware.InvokeAsync(HttpContext context) in C:\Users\Administrator\Desktop\nestystayPLATFORM\backend\src\NestyStay.Api\Middleware\ApiExceptionMiddleware.cs:line 14&#xD;
info: Microsoft.EntityFrameworkCore.Update[30100]&#xD;
      Saved 2 entities to in-memory store.&#xD;
info: Microsoft.EntityFrameworkCore.Update[30100]&#xD;
      Saved 1 entities to in-memory store.&#xD;
info: Microsoft.EntityFrameworkCore.Update[30100]&#xD;
      Saved 1 entities to in-memory store.&#xD;
info: Microsoft.Hosting.Lifetime[0]&#xD;
      Application is shutting down...&#xD;
[xUnit.net 00:00:05.18]   Finished:    NestyStay.Api.Tests&#xD;
</StdOut>
    </Output>
  </ResultSummary>
</TestRun>