{"total": {"lines":{"total":4818,"covered":273,"skipped":0,"pct":5.66},"statements":{"total":5925,"covered":295,"skipped":0,"pct":4.97},"functions":{"total":2255,"covered":86,"skipped":0,"pct":3.81},"branches":{"total":4626,"covered":202,"skipped":0,"pct":4.36},"branchesTrue":{"total":0,"covered":0,"skipped":0,"pct":100}}
,"C:\\Users\\Administrator\\Desktop\\nestystayPLATFORM\\frontend\\src\\App.tsx": {"lines":{"total":349,"covered":0,"skipped":0,"pct":0},"functions":{"total":140,"covered":0,"skipped":0,"pct":0},"statements":{"total":569,"covered":0,"skipped":0,"pct":0},"branches":{"total":432,"covered":0,"skipped":0,"pct":0}}
,"C:\\Users\\Administrator\\Desktop\\nestystayPLATFORM\\frontend\\src\\domCompatibility.ts": {"lines":{"total":18,"covered":0,"skipped":0,"pct":0},"functions":{"total":3,"covered":0,"skipped":0,"pct":0},"statements":{"total":18,"covered":0,"skipped":0,"pct":0},"branches":{"total":14,"covered":0,"skipped":0,"pct":0}}
,"C:\\Users\\Administrator\\Desktop\\nestystayPLATFORM\\frontend\\src\\main.tsx": {"lines":{"total":2,"covered":0,"skipped":0,"pct":0},"functions":{"total":0,"covered":0,"skipped":0,"pct":100},"statements":{"total":2,"covered":0,"skipped":0,"pct":0},"branches":{"total":0,"covered":0,"skipped":0,"pct":100}}
,"C:\\Users\\Administrator\\Desktop\\nestystayPLATFORM\\frontend\\src\\components\\AppLink.tsx": {"lines":{"total":10,"covered":2,"skipped":0,"pct":20},"functions":{"total":3,"covered":1,"skipped":0,"pct":33.33},"statements":{"total":10,"covered":2,"skipped":0,"pct":20},"branches":{"total":11,"covered":1,"skipped":0,"pct":9.09}}
,"C:\\Users\\Administrator\\Desktop\\nestystayPLATFORM\\frontend\\src\\components\\RootErrorBoundary.tsx": {"lines":{"total":7,"covered":0,"skipped":0,"pct":0},"functions":{"total":4,"covered":0,"skipped":0,"pct":0},"statements":{"total":7,"covered":0,"skipped":0,"pct":0},"branches":{"total":2,"covered":0,"skipped":0,"pct":0}}
,"C:\\Users\\Administrator\\Desktop\\nestystayPLATFORM\\frontend\\src\\components\\booking\\BookingModal.tsx": {"lines":{"total":36,"covered":0,"skipped":0,"pct":0},"functions":{"total":9,"covered":0,"skipped":0,"pct":0},"statements":{"total":39,"covered":0,"skipped":0,"pct":0},"branches":{"total":48,"covered":0,"skipped":0,"pct":0}}
,"C:\\Users\\Administrator\\Desktop\\nestystayPLATFORM\\frontend\\src\\components\\landing\\FeatureCards.tsx": {"lines":{"total":18,"covered":0,"skipped":0,"pct":0},"functions":{"total":5,"covered":0,"skipped":0,"pct":0},"statements":{"total":18,"covered":0,"skipped":0,"pct":0},"branches":{"total":0,"covered":0,"skipped":0,"pct":100}}
,"C:\\Users\\Administrator\\Desktop\\nestystayPLATFORM\\frontend\\src\\components\\landing\\FinalCTA.tsx": {"lines":{"total":1,"covered":0,"skipped":0,"pct":0},"functions":{"total":1,"covered":0,"skipped":0,"pct":0},"statements":{"total":1,"covered":0,"skipped":0,"pct":0},"branches":{"total":0,"covered":0,"skipped":0,"pct":100}}
,"C:\\Users\\Administrator\\Desktop\\nestystayPLATFORM\\frontend\\src\\components\\landing\\Hero3D.tsx": {"lines":{"total":9,"covered":0,"skipped":0,"pct":0},"functions":{"total":3,"covered":0,"skipped":0,"pct":0},"statements":{"total":9,"covered":0,"skipped":0,"pct":0},"branches":{"total":12,"covered":0,"skipped":0,"pct":0}}
,"C:\\Users\\Administrator\\Desktop\\nestystayPLATFORM\\frontend\\src\\components\\landing\\HowItWorks.tsx": {"lines":{"total":3,"covered":0,"skipped":0,"pct":0},"functions":{"total":2,"covered":0,"skipped":0,"pct":0},"statements":{"total":3,"covered":0,"skipped":0,"pct":0},"branches":{"total":2,"covered":0,"skipped":0,"pct":0}}
,"C:\\Users\\Administrator\\Desktop\\nestystayPLATFORM\\frontend\\src\\components\\landing\\PropertyShowcase.tsx": {"lines":{"total":19,"covered":0,"skipped":0,"pct":0},"functions":{"total":6,"covered":0,"skipped":0,"pct":0},"statements":{"total":19,"covered":0,"skipped":0,"pct":0},"branches":{"total":6,"covered":0,"skipped":0,"pct":0}}
,"C:\\Users\\Administrator\\Desktop\\nestystayPLATFORM\\frontend\\src\\components\\landing\\ScrollStory.tsx": {"lines":{"total":17,"covered":0,"skipped":0,"pct":0},"functions":{"total":6,"covered":0,"skipped":0,"pct":0},"statements":{"total":19,"covered":0,"skipped":0,"pct":0},"branches":{"total":4,"covered":0,"skipped":0,"pct":0}}
,"C:\\Users\\Administrator\\Desktop\\nestystayPLATFORM\\frontend\\src\\components\\landing\\TrustSection.tsx": {"lines":{"total":3,"covered":0,"skipped":0,"pct":0},"functions":{"total":2,"covered":0,"skipped":0,"pct":0},"statements":{"total":3,"covered":0,"skipped":0,"pct":0},"branches":{"total":0,"covered":0,"skipped":0,"pct":100}}
,"C:\\Users\\Administrator\\Desktop\\nestystayPLATFORM\\frontend\\src\\components\\layout\\PublicShell.tsx": {"lines":{"total":10,"covered":0,"skipped":0,"pct":0},"functions":{"total":3,"covered":0,"skipped":0,"pct":0},"statements":{"total":12,"covered":0,"skipped":0,"pct":0},"branches":{"total":14,"covered":0,"skipped":0,"pct":0}}
,"C:\\Users\\Administrator\\Desktop\\nestystayPLATFORM\\frontend\\src\\components\\layout\\WorkspaceFrame.tsx": {"lines":{"total":58,"covered":0,"skipped":0,"pct":0},"functions":{"total":29,"covered":0,"skipped":0,"pct":0},"statements":{"total":73,"covered":0,"skipped":0,"pct":0},"branches":{"total":63,"covered":0,"skipped":0,"pct":0}}
,"C:\\Users\\Administrator\\Desktop\\nestystayPLATFORM\\frontend\\src\\components\\ui\\Badge.tsx": {"lines":{"total":5,"covered":0,"skipped":0,"pct":0},"functions":{"total":1,"covered":0,"skipped":0,"pct":0},"statements":{"total":5,"covered":0,"skipped":0,"pct":0},"branches":{"total":4,"covered":0,"skipped":0,"pct":0}}
,"C:\\Users\\Administrator\\Desktop\\nestystayPLATFORM\\frontend\\src\\components\\ui\\Button.tsx": {"lines":{"total":8,"covered":0,"skipped":0,"pct":0},"functions":{"total":4,"covered":0,"skipped":0,"pct":0},"statements":{"total":10,"covered":0,"skipped":0,"pct":0},"branches":{"total":12,"covered":0,"skipped":0,"pct":0}}
,"C:\\Users\\Administrator\\Desktop\\nestystayPLATFORM\\frontend\\src\\components\\ui\\Card.tsx": {"lines":{"total":2,"covered":0,"skipped":0,"pct":0},"functions":{"total":2,"covered":0,"skipped":0,"pct":0},"statements":{"total":2,"covered":0,"skipped":0,"pct":0},"branches":{"total":3,"covered":0,"skipped":0,"pct":0}}
,"C:\\Users\\Administrator\\Desktop\\nestystayPLATFORM\\frontend\\src\\components\\ui\\EmptyState.tsx": {"lines":{"total":1,"covered":0,"skipped":0,"pct":0},"functions":{"total":1,"covered":0,"skipped":0,"pct":0},"statements":{"total":1,"covered":0,"skipped":0,"pct":0},"branches":{"total":4,"covered":0,"skipped":0,"pct":0}}
,"C:\\Users\\Administrator\\Desktop\\nestystayPLATFORM\\frontend\\src\\components\\ui\\ErrorState.tsx": {"lines":{"total":1,"covered":0,"skipped":0,"pct":0},"functions":{"total":1,"covered":0,"skipped":0,"pct":0},"statements":{"total":1,"covered":0,"skipped":0,"pct":0},"branches":{"total":5,"covered":0,"skipped":0,"pct":0}}
,"C:\\Users\\Administrator\\Desktop\\nestystayPLATFORM\\frontend\\src\\components\\ui\\Input.tsx": {"lines":{"total":6,"covered":0,"skipped":0,"pct":0},"functions":{"total":5,"covered":0,"skipped":0,"pct":0},"statements":{"total":6,"covered":0,"skipped":0,"pct":0},"branches":{"total":5,"covered":0,"skipped":0,"pct":0}}
,"C:\\Users\\Administrator\\Desktop\\nestystayPLATFORM\\frontend\\src\\components\\ui\\ListControls.tsx": {"lines":{"total":16,"covered":0,"skipped":0,"pct":0},"functions":{"total":11,"covered":0,"skipped":0,"pct":0},"statements":{"total":21,"covered":0,"skipped":0,"pct":0},"branches":{"total":18,"covered":0,"skipped":0,"pct":0}}
,"C:\\Users\\Administrator\\Desktop\\nestystayPLATFORM\\frontend\\src\\components\\ui\\LoadingState.tsx": {"lines":{"total":4,"covered":4,"skipped":0,"pct":100},"functions":{"total":3,"covered":3,"skipped":0,"pct":100},"statements":{"total":4,"covered":4,"skipped":0,"pct":100},"branches":{"total":3,"covered":2,"skipped":0,"pct":66.66}}
,"C:\\Users\\Administrator\\Desktop\\nestystayPLATFORM\\frontend\\src\\components\\ui\\Modal.tsx": {"lines":{"total":36,"covered":0,"skipped":0,"pct":0},"functions":{"total":5,"covered":0,"skipped":0,"pct":0},"statements":{"total":38,"covered":0,"skipped":0,"pct":0},"branches":{"total":22,"covered":0,"skipped":0,"pct":0}}
,"C:\\Users\\Administrator\\Desktop\\nestystayPLATFORM\\frontend\\src\\components\\ui\\PageHeader.tsx": {"lines":{"total":8,"covered":0,"skipped":0,"pct":0},"functions":{"total":2,"covered":0,"skipped":0,"pct":0},"statements":{"total":8,"covered":0,"skipped":0,"pct":0},"branches":{"total":10,"covered":0,"skipped":0,"pct":0}}
,"C:\\Users\\Administrator\\Desktop\\nestystayPLATFORM\\frontend\\src\\components\\ui\\PatoisToast.tsx": {"lines":{"total":10,"covered":0,"skipped":0,"pct":0},"functions":{"total":4,"covered":0,"skipped":0,"pct":0},"statements":{"total":12,"covered":0,"skipped":0,"pct":0},"branches":{"total":11,"covered":0,"skipped":0,"pct":0}}
,"C:\\Users\\Administrator\\Desktop\\nestystayPLATFORM\\frontend\\src\\components\\ui\\StatusChip.tsx": {"lines":{"total":9,"covered":0,"skipped":0,"pct":0},"functions":{"total":2,"covered":0,"skipped":0,"pct":0},"statements":{"total":14,"covered":0,"skipped":0,"pct":0},"branches":{"total":12,"covered":0,"skipped":0,"pct":0}}
,"C:\\Users\\Administrator\\Desktop\\nestystayPLATFORM\\frontend\\src\\features\\admin\\AdminAuditSystemHealth.tsx": {"lines":{"total":12,"covered":0,"skipped":0,"pct":0},"functions":{"total":4,"covered":0,"skipped":0,"pct":0},"statements":{"total":12,"covered":0,"skipped":0,"pct":0},"branches":{"total":12,"covered":0,"skipped":0,"pct":0}}
,"C:\\Users\\Administrator\\Desktop\\nestystayPLATFORM\\frontend\\src\\features\\admin\\AdminBadges.tsx": {"lines":{"total":83,"covered":0,"skipped":0,"pct":0},"functions":{"total":32,"covered":0,"skipped":0,"pct":0},"statements":{"total":106,"covered":0,"skipped":0,"pct":0},"branches":{"total":91,"covered":0,"skipped":0,"pct":0}}
,"C:\\Users\\Administrator\\Desktop\\nestystayPLATFORM\\frontend\\src\\features\\admin\\AdminDirectories.tsx": {"lines":{"total":35,"covered":0,"skipped":0,"pct":0},"functions":{"total":18,"covered":0,"skipped":0,"pct":0},"statements":{"total":45,"covered":0,"skipped":0,"pct":0},"branches":{"total":32,"covered":0,"skipped":0,"pct":0}}
,"C:\\Users\\Administrator\\Desktop\\nestystayPLATFORM\\frontend\\src\\features\\admin\\AdminFinancials.tsx": {"lines":{"total":19,"covered":0,"skipped":0,"pct":0},"functions":{"total":8,"covered":0,"skipped":0,"pct":0},"statements":{"total":23,"covered":0,"skipped":0,"pct":0},"branches":{"total":10,"covered":0,"skipped":0,"pct":0}}
,"C:\\Users\\Administrator\\Desktop\\nestystayPLATFORM\\frontend\\src\\features\\admin\\AdminOverview.tsx": {"lines":{"total":12,"covered":0,"skipped":0,"pct":0},"functions":{"total":4,"covered":0,"skipped":0,"pct":0},"statements":{"total":15,"covered":0,"skipped":0,"pct":0},"branches":{"total":6,"covered":0,"skipped":0,"pct":0}}
,"C:\\Users\\Administrator\\Desktop\\nestystayPLATFORM\\frontend\\src\\features\\admin\\AdminPricebookCampaigns.tsx": {"lines":{"total":19,"covered":0,"skipped":0,"pct":0},"functions":{"total":7,"covered":0,"skipped":0,"pct":0},"statements":{"total":21,"covered":0,"skipped":0,"pct":0},"branches":{"total":28,"covered":0,"skipped":0,"pct":0}}
,"C:\\Users\\Administrator\\Desktop\\nestystayPLATFORM\\frontend\\src\\features\\admin\\AdminProperties.tsx": {"lines":{"total":25,"covered":0,"skipped":0,"pct":0},"functions":{"total":12,"covered":0,"skipped":0,"pct":0},"statements":{"total":29,"covered":0,"skipped":0,"pct":0},"branches":{"total":10,"covered":0,"skipped":0,"pct":0}}
,"C:\\Users\\Administrator\\Desktop\\nestystayPLATFORM\\frontend\\src\\features\\admin\\AdminStateContainer.tsx": {"lines":{"total":18,"covered":0,"skipped":0,"pct":0},"functions":{"total":1,"covered":0,"skipped":0,"pct":0},"statements":{"total":18,"covered":0,"skipped":0,"pct":0},"branches":{"total":43,"covered":0,"skipped":0,"pct":0}}
,"C:\\Users\\Administrator\\Desktop\\nestystayPLATFORM\\frontend\\src\\features\\admin\\AdminUsers.tsx": {"lines":{"total":10,"covered":0,"skipped":0,"pct":0},"functions":{"total":8,"covered":0,"skipped":0,"pct":0},"statements":{"total":12,"covered":0,"skipped":0,"pct":0},"branches":{"total":10,"covered":0,"skipped":0,"pct":0}}
,"C:\\Users\\Administrator\\Desktop\\nestystayPLATFORM\\frontend\\src\\features\\admin\\types.ts": {"lines":{"total":0,"covered":0,"skipped":0,"pct":100},"functions":{"total":0,"covered":0,"skipped":0,"pct":100},"statements":{"total":0,"covered":0,"skipped":0,"pct":100},"branches":{"total":0,"covered":0,"skipped":0,"pct":100}}
,"C:\\Users\\Administrator\\Desktop\\nestystayPLATFORM\\frontend\\src\\features\\auth\\AuthModalSuite.tsx": {"lines":{"total":174,"covered":0,"skipped":0,"pct":0},"functions":{"total":45,"covered":0,"skipped":0,"pct":0},"statements":{"total":192,"covered":0,"skipped":0,"pct":0},"branches":{"total":129,"covered":0,"skipped":0,"pct":0}}
,"C:\\Users\\Administrator\\Desktop\\nestystayPLATFORM\\frontend\\src\\features\\auth\\AuthStateContainer.tsx": {"lines":{"total":1,"covered":0,"skipped":0,"pct":0},"functions":{"total":1,"covered":0,"skipped":0,"pct":0},"statements":{"total":1,"covered":0,"skipped":0,"pct":0},"branches":{"total":1,"covered":0,"skipped":0,"pct":0}}
,"C:\\Users\\Administrator\\Desktop\\nestystayPLATFORM\\frontend\\src\\features\\auth\\googleSignIn.ts": {"lines":{"total":37,"covered":0,"skipped":0,"pct":0},"functions":{"total":10,"covered":0,"skipped":0,"pct":0},"statements":{"total":41,"covered":0,"skipped":0,"pct":0},"branches":{"total":20,"covered":0,"skipped":0,"pct":0}}
,"C:\\Users\\Administrator\\Desktop\\nestystayPLATFORM\\frontend\\src\\features\\auth\\types.ts": {"lines":{"total":0,"covered":0,"skipped":0,"pct":100},"functions":{"total":0,"covered":0,"skipped":0,"pct":100},"statements":{"total":0,"covered":0,"skipped":0,"pct":100},"branches":{"total":0,"covered":0,"skipped":0,"pct":100}}
,"C:\\Users\\Administrator\\Desktop\\nestystayPLATFORM\\frontend\\src\\features\\booking\\BookingCancelledPage.tsx": {"lines":{"total":11,"covered":10,"skipped":0,"pct":90.9},"functions":{"total":4,"covered":4,"skipped":0,"pct":100},"statements":{"total":14,"covered":12,"skipped":0,"pct":85.71},"branches":{"total":16,"covered":11,"skipped":0,"pct":68.75}}
,"C:\\Users\\Administrator\\Desktop\\nestystayPLATFORM\\frontend\\src\\features\\booking\\BookingCheckoutPage.tsx": {"lines":{"total":64,"covered":40,"skipped":0,"pct":62.5},"functions":{"total":9,"covered":7,"skipped":0,"pct":77.77},"statements":{"total":69,"covered":42,"skipped":0,"pct":60.86},"branches":{"total":67,"covered":31,"skipped":0,"pct":46.26}}
,"C:\\Users\\Administrator\\Desktop\\nestystayPLATFORM\\frontend\\src\\features\\booking\\BookingFailurePage.tsx": {"lines":{"total":18,"covered":16,"skipped":0,"pct":88.88},"functions":{"total":8,"covered":6,"skipped":0,"pct":75},"statements":{"total":23,"covered":19,"skipped":0,"pct":82.6},"branches":{"total":10,"covered":5,"skipped":0,"pct":50}}
,"C:\\Users\\Administrator\\Desktop\\nestystayPLATFORM\\frontend\\src\\features\\booking\\BookingIdentityPage.tsx": {"lines":{"total":19,"covered":1,"skipped":0,"pct":5.26},"functions":{"total":7,"covered":0,"skipped":0,"pct":0},"statements":{"total":21,"covered":1,"skipped":0,"pct":4.76},"branches":{"total":16,"covered":0,"skipped":0,"pct":0}}
,"C:\\Users\\Administrator\\Desktop\\nestystayPLATFORM\\frontend\\src\\features\\booking\\BookingInvoicePage.tsx": {"lines":{"total":29,"covered":12,"skipped":0,"pct":41.37},"functions":{"total":8,"covered":4,"skipped":0,"pct":50},"statements":{"total":35,"covered":15,"skipped":0,"pct":42.85},"branches":{"total":18,"covered":7,"skipped":0,"pct":38.88}}
,"C:\\Users\\Administrator\\Desktop\\nestystayPLATFORM\\frontend\\src\\features\\booking\\BookingModal.tsx": {"lines":{"total":65,"covered":0,"skipped":0,"pct":0},"functions":{"total":23,"covered":0,"skipped":0,"pct":0},"statements":{"total":71,"covered":0,"skipped":0,"pct":0},"branches":{"total":68,"covered":0,"skipped":0,"pct":0}}
,"C:\\Users\\Administrator\\Desktop\\nestystayPLATFORM\\frontend\\src\\features\\booking\\BookingPendingPage.tsx": {"lines":{"total":29,"covered":20,"skipped":0,"pct":68.96},"functions":{"total":10,"covered":7,"skipped":0,"pct":70},"statements":{"total":36,"covered":24,"skipped":0,"pct":66.66},"branches":{"total":45,"covered":18,"skipped":0,"pct":40}}
,"C:\\Users\\Administrator\\Desktop\\nestystayPLATFORM\\frontend\\src\\features\\booking\\BookingReceiptPage.tsx": {"lines":{"total":33,"covered":15,"skipped":0,"pct":45.45},"functions":{"total":8,"covered":4,"skipped":0,"pct":50},"statements":{"total":37,"covered":16,"skipped":0,"pct":43.24},"branches":{"total":30,"covered":15,"skipped":0,"pct":50}}
,"C:\\Users\\Administrator\\Desktop\\nestystayPLATFORM\\frontend\\src\\features\\booking\\BookingRejectedPage.tsx": {"lines":{"total":11,"covered":10,"skipped":0,"pct":90.9},"functions":{"total":4,"covered":4,"skipped":0,"pct":100},"statements":{"total":14,"covered":12,"skipped":0,"pct":85.71},"branches":{"total":6,"covered":4,"skipped":0,"pct":66.66}}
,"C:\\Users\\Administrator\\Desktop\\nestystayPLATFORM\\frontend\\src\\features\\booking\\BookingReviewPage.tsx": {"lines":{"total":31,"covered":21,"skipped":0,"pct":67.74},"functions":{"total":7,"covered":5,"skipped":0,"pct":71.42},"statements":{"total":31,"covered":21,"skipped":0,"pct":67.74},"branches":{"total":54,"covered":28,"skipped":0,"pct":51.85}}
,"C:\\Users\\Administrator\\Desktop\\nestystayPLATFORM\\frontend\\src\\features\\booking\\BookingShell.tsx": {"lines":{"total":19,"covered":15,"skipped":0,"pct":78.94},"functions":{"total":9,"covered":6,"skipped":0,"pct":66.66},"statements":{"total":19,"covered":15,"skipped":0,"pct":78.94},"branches":{"total":15,"covered":7,"skipped":0,"pct":46.66}}
,"C:\\Users\\Administrator\\Desktop\\nestystayPLATFORM\\frontend\\src\\features\\booking\\BookingStateContainer.tsx": {"lines":{"total":45,"covered":26,"skipped":0,"pct":57.77},"functions":{"total":11,"covered":5,"skipped":0,"pct":45.45},"statements":{"total":48,"covered":28,"skipped":0,"pct":58.33},"branches":{"total":41,"covered":25,"skipped":0,"pct":60.97}}
,"C:\\Users\\Administrator\\Desktop\\nestystayPLATFORM\\frontend\\src\\features\\booking\\BookingSuccessPage.tsx": {"lines":{"total":38,"covered":20,"skipped":0,"pct":52.63},"functions":{"total":9,"covered":4,"skipped":0,"pct":44.44},"statements":{"total":43,"covered":22,"skipped":0,"pct":51.16},"branches":{"total":39,"covered":17,"skipped":0,"pct":43.58}}
,"C:\\Users\\Administrator\\Desktop\\nestystayPLATFORM\\frontend\\src\\features\\booking\\types.ts": {"lines":{"total":0,"covered":0,"skipped":0,"pct":100},"functions":{"total":0,"covered":0,"skipped":0,"pct":100},"statements":{"total":0,"covered":0,"skipped":0,"pct":100},"branches":{"total":0,"covered":0,"skipped":0,"pct":100}}
,"C:\\Users\\Administrator\\Desktop\\nestystayPLATFORM\\frontend\\src\\features\\host\\HostAnalytics.tsx": {"lines":{"total":58,"covered":0,"skipped":0,"pct":0},"functions":{"total":18,"covered":0,"skipped":0,"pct":0},"statements":{"total":62,"covered":0,"skipped":0,"pct":0},"branches":{"total":61,"covered":0,"skipped":0,"pct":0}}
,"C:\\Users\\Administrator\\Desktop\\nestystayPLATFORM\\frontend\\src\\features\\host\\HostPricingPromotions.tsx": {"lines":{"total":9,"covered":0,"skipped":0,"pct":0},"functions":{"total":8,"covered":0,"skipped":0,"pct":0},"statements":{"total":11,"covered":0,"skipped":0,"pct":0},"branches":{"total":12,"covered":0,"skipped":0,"pct":0}}
,"C:\\Users\\Administrator\\Desktop\\nestystayPLATFORM\\frontend\\src\\features\\host\\HostPropertiesList.tsx": {"lines":{"total":52,"covered":0,"skipped":0,"pct":0},"functions":{"total":25,"covered":0,"skipped":0,"pct":0},"statements":{"total":65,"covered":0,"skipped":0,"pct":0},"branches":{"total":69,"covered":0,"skipped":0,"pct":0}}
,"C:\\Users\\Administrator\\Desktop\\nestystayPLATFORM\\frontend\\src\\features\\host\\HostPropertyEditor.tsx": {"lines":{"total":33,"covered":0,"skipped":0,"pct":0},"functions":{"total":9,"covered":0,"skipped":0,"pct":0},"statements":{"total":37,"covered":0,"skipped":0,"pct":0},"branches":{"total":20,"covered":0,"skipped":0,"pct":0}}
,"C:\\Users\\Administrator\\Desktop\\nestystayPLATFORM\\frontend\\src\\features\\host\\HostPropertyWizard.tsx": {"lines":{"total":106,"covered":0,"skipped":0,"pct":0},"functions":{"total":62,"covered":0,"skipped":0,"pct":0},"statements":{"total":135,"covered":0,"skipped":0,"pct":0},"branches":{"total":107,"covered":0,"skipped":0,"pct":0}}
,"C:\\Users\\Administrator\\Desktop\\nestystayPLATFORM\\frontend\\src\\features\\host\\HostReportsExports.tsx": {"lines":{"total":13,"covered":0,"skipped":0,"pct":0},"functions":{"total":6,"covered":0,"skipped":0,"pct":0},"statements":{"total":13,"covered":0,"skipped":0,"pct":0},"branches":{"total":8,"covered":0,"skipped":0,"pct":0}}
,"C:\\Users\\Administrator\\Desktop\\nestystayPLATFORM\\frontend\\src\\features\\host\\HostReservations.tsx": {"lines":{"total":40,"covered":0,"skipped":0,"pct":0},"functions":{"total":22,"covered":0,"skipped":0,"pct":0},"statements":{"total":50,"covered":0,"skipped":0,"pct":0},"branches":{"total":38,"covered":0,"skipped":0,"pct":0}}
,"C:\\Users\\Administrator\\Desktop\\nestystayPLATFORM\\frontend\\src\\features\\host\\HostReviewsBadgesSettings.tsx": {"lines":{"total":104,"covered":0,"skipped":0,"pct":0},"functions":{"total":36,"covered":0,"skipped":0,"pct":0},"statements":{"total":121,"covered":0,"skipped":0,"pct":0},"branches":{"total":144,"covered":0,"skipped":0,"pct":0}}
,"C:\\Users\\Administrator\\Desktop\\nestystayPLATFORM\\frontend\\src\\features\\host\\HostStateContainer.tsx": {"lines":{"total":19,"covered":0,"skipped":0,"pct":0},"functions":{"total":2,"covered":0,"skipped":0,"pct":0},"statements":{"total":19,"covered":0,"skipped":0,"pct":0},"branches":{"total":47,"covered":0,"skipped":0,"pct":0}}
,"C:\\Users\\Administrator\\Desktop\\nestystayPLATFORM\\frontend\\src\\features\\host\\types.ts": {"lines":{"total":0,"covered":0,"skipped":0,"pct":100},"functions":{"total":0,"covered":0,"skipped":0,"pct":100},"statements":{"total":0,"covered":0,"skipped":0,"pct":100},"branches":{"total":0,"covered":0,"skipped":0,"pct":100}}
,"C:\\Users\\Administrator\\Desktop\\nestystayPLATFORM\\frontend\\src\\features\\hostProfile\\HostProfileDetailPage.tsx": {"lines":{"total":3,"covered":0,"skipped":0,"pct":0},"functions":{"total":2,"covered":0,"skipped":0,"pct":0},"statements":{"total":3,"covered":0,"skipped":0,"pct":0},"branches":{"total":2,"covered":0,"skipped":0,"pct":0}}
,"C:\\Users\\Administrator\\Desktop\\nestystayPLATFORM\\frontend\\src\\features\\hostProfile\\HostProfileDirectory.tsx": {"lines":{"total":7,"covered":0,"skipped":0,"pct":0},"functions":{"total":5,"covered":0,"skipped":0,"pct":0},"statements":{"total":8,"covered":0,"skipped":0,"pct":0},"branches":{"total":4,"covered":0,"skipped":0,"pct":0}}
,"C:\\Users\\Administrator\\Desktop\\nestystayPLATFORM\\frontend\\src\\features\\hostProfile\\HostProfileEditPage.tsx": {"lines":{"total":11,"covered":0,"skipped":0,"pct":0},"functions":{"total":6,"covered":0,"skipped":0,"pct":0},"statements":{"total":11,"covered":0,"skipped":0,"pct":0},"branches":{"total":2,"covered":0,"skipped":0,"pct":0}}
,"C:\\Users\\Administrator\\Desktop\\nestystayPLATFORM\\frontend\\src\\features\\hostProfile\\HostProfileStateContainer.tsx": {"lines":{"total":8,"covered":0,"skipped":0,"pct":0},"functions":{"total":1,"covered":0,"skipped":0,"pct":0},"statements":{"total":8,"covered":0,"skipped":0,"pct":0},"branches":{"total":14,"covered":0,"skipped":0,"pct":0}}
,"C:\\Users\\Administrator\\Desktop\\nestystayPLATFORM\\frontend\\src\\features\\hostProfile\\types.ts": {"lines":{"total":0,"covered":0,"skipped":0,"pct":100},"functions":{"total":0,"covered":0,"skipped":0,"pct":100},"statements":{"total":0,"covered":0,"skipped":0,"pct":100},"branches":{"total":0,"covered":0,"skipped":0,"pct":100}}
,"C:\\Users\\Administrator\\Desktop\\nestystayPLATFORM\\frontend\\src\\features\\messaging\\MessagingCenter.tsx": {"lines":{"total":14,"covered":0,"skipped":0,"pct":0},"functions":{"total":9,"covered":0,"skipped":0,"pct":0},"statements":{"total":17,"covered":0,"skipped":0,"pct":0},"branches":{"total":20,"covered":0,"skipped":0,"pct":0}}
,"C:\\Users\\Administrator\\Desktop\\nestystayPLATFORM\\frontend\\src\\features\\messaging\\MessagingStateContainer.tsx": {"lines":{"total":2,"covered":0,"skipped":0,"pct":0},"functions":{"total":1,"covered":0,"skipped":0,"pct":0},"statements":{"total":2,"covered":0,"skipped":0,"pct":0},"branches":{"total":2,"covered":0,"skipped":0,"pct":0}}
,"C:\\Users\\Administrator\\Desktop\\nestystayPLATFORM\\frontend\\src\\features\\messaging\\types.ts": {"lines":{"total":0,"covered":0,"skipped":0,"pct":100},"functions":{"total":0,"covered":0,"skipped":0,"pct":100},"statements":{"total":0,"covered":0,"skipped":0,"pct":100},"branches":{"total":0,"covered":0,"skipped":0,"pct":100}}
,"C:\\Users\\Administrator\\Desktop\\nestystayPLATFORM\\frontend\\src\\features\\public\\ExperiencesPage.tsx": {"lines":{"total":4,"covered":0,"skipped":0,"pct":0},"functions":{"total":3,"covered":0,"skipped":0,"pct":0},"statements":{"total":4,"covered":0,"skipped":0,"pct":0},"branches":{"total":0,"covered":0,"skipped":0,"pct":100}}
,"C:\\Users\\Administrator\\Desktop\\nestystayPLATFORM\\frontend\\src\\features\\public\\JournalPage.tsx": {"lines":{"total":3,"covered":0,"skipped":0,"pct":0},"functions":{"total":2,"covered":0,"skipped":0,"pct":0},"statements":{"total":3,"covered":0,"skipped":0,"pct":0},"branches":{"total":0,"covered":0,"skipped":0,"pct":100}}
,"C:\\Users\\Administrator\\Desktop\\nestystayPLATFORM\\frontend\\src\\features\\public\\LandingPage.tsx": {"lines":{"total":22,"covered":0,"skipped":0,"pct":0},"functions":{"total":14,"covered":0,"skipped":0,"pct":0},"statements":{"total":22,"covered":0,"skipped":0,"pct":0},"branches":{"total":17,"covered":0,"skipped":0,"pct":0}}
,"C:\\Users\\Administrator\\Desktop\\nestystayPLATFORM\\frontend\\src\\features\\public\\LegalHelpPages.tsx": {"lines":{"total":15,"covered":0,"skipped":0,"pct":0},"functions":{"total":4,"covered":0,"skipped":0,"pct":0},"statements":{"total":16,"covered":0,"skipped":0,"pct":0},"branches":{"total":18,"covered":0,"skipped":0,"pct":0}}
,"C:\\Users\\Administrator\\Desktop\\nestystayPLATFORM\\frontend\\src\\features\\public\\PropertyDetailPage.tsx": {"lines":{"total":51,"covered":0,"skipped":0,"pct":0},"functions":{"total":20,"covered":0,"skipped":0,"pct":0},"statements":{"total":60,"covered":0,"skipped":0,"pct":0},"branches":{"total":52,"covered":0,"skipped":0,"pct":0}}
,"C:\\Users\\Administrator\\Desktop\\nestystayPLATFORM\\frontend\\src\\features\\public\\PublicSearchMap.tsx": {"lines":{"total":59,"covered":0,"skipped":0,"pct":0},"functions":{"total":28,"covered":0,"skipped":0,"pct":0},"statements":{"total":70,"covered":0,"skipped":0,"pct":0},"branches":{"total":45,"covered":0,"skipped":0,"pct":0}}
,"C:\\Users\\Administrator\\Desktop\\nestystayPLATFORM\\frontend\\src\\features\\public\\PublicStateContainer.tsx": {"lines":{"total":11,"covered":0,"skipped":0,"pct":0},"functions":{"total":1,"covered":0,"skipped":0,"pct":0},"statements":{"total":11,"covered":0,"skipped":0,"pct":0},"branches":{"total":24,"covered":0,"skipped":0,"pct":0}}
,"C:\\Users\\Administrator\\Desktop\\nestystayPLATFORM\\frontend\\src\\features\\public\\types.ts": {"lines":{"total":0,"covered":0,"skipped":0,"pct":100},"functions":{"total":0,"covered":0,"skipped":0,"pct":100},"statements":{"total":0,"covered":0,"skipped":0,"pct":100},"branches":{"total":0,"covered":0,"skipped":0,"pct":100}}
,"C:\\Users\\Administrator\\Desktop\\nestystayPLATFORM\\frontend\\src\\features\\traveler\\TravelerDashboard.tsx": {"lines":{"total":33,"covered":0,"skipped":0,"pct":0},"functions":{"total":15,"covered":0,"skipped":0,"pct":0},"statements":{"total":38,"covered":0,"skipped":0,"pct":0},"branches":{"total":45,"covered":0,"skipped":0,"pct":0}}
,"C:\\Users\\Administrator\\Desktop\\nestystayPLATFORM\\frontend\\src\\features\\traveler\\TravelerPaymentHistory.tsx": {"lines":{"total":41,"covered":0,"skipped":0,"pct":0},"functions":{"total":16,"covered":0,"skipped":0,"pct":0},"statements":{"total":47,"covered":0,"skipped":0,"pct":0},"branches":{"total":22,"covered":0,"skipped":0,"pct":0}}
,"C:\\Users\\Administrator\\Desktop\\nestystayPLATFORM\\frontend\\src\\features\\traveler\\TravelerPaymentMethods.tsx": {"lines":{"total":15,"covered":0,"skipped":0,"pct":0},"functions":{"total":12,"covered":0,"skipped":0,"pct":0},"statements":{"total":17,"covered":0,"skipped":0,"pct":0},"branches":{"total":6,"covered":0,"skipped":0,"pct":0}}
,"C:\\Users\\Administrator\\Desktop\\nestystayPLATFORM\\frontend\\src\\features\\traveler\\TravelerProfileIdentity.tsx": {"lines":{"total":53,"covered":0,"skipped":0,"pct":0},"functions":{"total":16,"covered":0,"skipped":0,"pct":0},"statements":{"total":60,"covered":0,"skipped":0,"pct":0},"branches":{"total":38,"covered":0,"skipped":0,"pct":0}}
,"C:\\Users\\Administrator\\Desktop\\nestystayPLATFORM\\frontend\\src\\features\\traveler\\TravelerReservations.tsx": {"lines":{"total":48,"covered":0,"skipped":0,"pct":0},"functions":{"total":15,"covered":0,"skipped":0,"pct":0},"statements":{"total":60,"covered":0,"skipped":0,"pct":0},"branches":{"total":80,"covered":0,"skipped":0,"pct":0}}
,"C:\\Users\\Administrator\\Desktop\\nestystayPLATFORM\\frontend\\src\\features\\traveler\\TravelerReviewsNotifications.tsx": {"lines":{"total":54,"covered":0,"skipped":0,"pct":0},"functions":{"total":20,"covered":0,"skipped":0,"pct":0},"statements":{"total":60,"covered":0,"skipped":0,"pct":0},"branches":{"total":42,"covered":0,"skipped":0,"pct":0}}
,"C:\\Users\\Administrator\\Desktop\\nestystayPLATFORM\\frontend\\src\\features\\traveler\\TravelerStateContainer.tsx": {"lines":{"total":17,"covered":0,"skipped":0,"pct":0},"functions":{"total":1,"covered":0,"skipped":0,"pct":0},"statements":{"total":17,"covered":0,"skipped":0,"pct":0},"branches":{"total":32,"covered":0,"skipped":0,"pct":0}}
,"C:\\Users\\Administrator\\Desktop\\nestystayPLATFORM\\frontend\\src\\features\\traveler\\TravelerWishlists.tsx": {"lines":{"total":16,"covered":0,"skipped":0,"pct":0},"functions":{"total":10,"covered":0,"skipped":0,"pct":0},"statements":{"total":18,"covered":0,"skipped":0,"pct":0},"branches":{"total":6,"covered":0,"skipped":0,"pct":0}}
,"C:\\Users\\Administrator\\Desktop\\nestystayPLATFORM\\frontend\\src\\features\\traveler\\types.ts": {"lines":{"total":0,"covered":0,"skipped":0,"pct":100},"functions":{"total":0,"covered":0,"skipped":0,"pct":100},"statements":{"total":0,"covered":0,"skipped":0,"pct":100},"branches":{"total":0,"covered":0,"skipped":0,"pct":100}}
,"C:\\Users\\Administrator\\Desktop\\nestystayPLATFORM\\frontend\\src\\hooks\\useAuth.ts": {"lines":{"total":69,"covered":0,"skipped":0,"pct":0},"functions":{"total":12,"covered":0,"skipped":0,"pct":0},"statements":{"total":72,"covered":0,"skipped":0,"pct":0},"branches":{"total":12,"covered":0,"skipped":0,"pct":0}}
,"C:\\Users\\Administrator\\Desktop\\nestystayPLATFORM\\frontend\\src\\hooks\\useBookings.ts": {"lines":{"total":17,"covered":0,"skipped":0,"pct":0},"functions":{"total":4,"covered":0,"skipped":0,"pct":0},"statements":{"total":17,"covered":0,"skipped":0,"pct":0},"branches":{"total":4,"covered":0,"skipped":0,"pct":0}}
,"C:\\Users\\Administrator\\Desktop\\nestystayPLATFORM\\frontend\\src\\hooks\\useProperties.ts": {"lines":{"total":34,"covered":0,"skipped":0,"pct":0},"functions":{"total":10,"covered":0,"skipped":0,"pct":0},"statements":{"total":36,"covered":0,"skipped":0,"pct":0},"branches":{"total":14,"covered":0,"skipped":0,"pct":0}}
,"C:\\Users\\Administrator\\Desktop\\nestystayPLATFORM\\frontend\\src\\lib\\adminPermissions.ts": {"lines":{"total":4,"covered":0,"skipped":0,"pct":0},"functions":{"total":2,"covered":0,"skipped":0,"pct":0},"statements":{"total":4,"covered":0,"skipped":0,"pct":0},"branches":{"total":4,"covered":0,"skipped":0,"pct":0}}
,"C:\\Users\\Administrator\\Desktop\\nestystayPLATFORM\\frontend\\src\\lib\\api.ts": {"lines":{"total":273,"covered":58,"skipped":0,"pct":21.24},"functions":{"total":203,"covered":24,"skipped":0,"pct":11.82},"statements":{"total":278,"covered":59,"skipped":0,"pct":21.22},"branches":{"total":94,"covered":30,"skipped":0,"pct":31.91}}
,"C:\\Users\\Administrator\\Desktop\\nestystayPLATFORM\\frontend\\src\\lib\\auth.ts": {"lines":{"total":18,"covered":0,"skipped":0,"pct":0},"functions":{"total":6,"covered":0,"skipped":0,"pct":0},"statements":{"total":19,"covered":0,"skipped":0,"pct":0},"branches":{"total":28,"covered":0,"skipped":0,"pct":0}}
,"C:\\Users\\Administrator\\Desktop\\nestystayPLATFORM\\frontend\\src\\lib\\feedback.ts": {"lines":{"total":1,"covered":0,"skipped":0,"pct":0},"functions":{"total":1,"covered":0,"skipped":0,"pct":0},"statements":{"total":1,"covered":0,"skipped":0,"pct":0},"branches":{"total":1,"covered":0,"skipped":0,"pct":0}}
,"C:\\Users\\Administrator\\Desktop\\nestystayPLATFORM\\frontend\\src\\lib\\patois.tsx": {"lines":{"total":20,"covered":0,"skipped":0,"pct":0},"functions":{"total":8,"covered":0,"skipped":0,"pct":0},"statements":{"total":21,"covered":0,"skipped":0,"pct":0},"branches":{"total":7,"covered":0,"skipped":0,"pct":0}}
,"C:\\Users\\Administrator\\Desktop\\nestystayPLATFORM\\frontend\\src\\lib\\stayImages.ts": {"lines":{"total":2,"covered":2,"skipped":0,"pct":100},"functions":{"total":1,"covered":1,"skipped":0,"pct":100},"statements":{"total":2,"covered":2,"skipped":0,"pct":100},"branches":{"total":1,"covered":1,"skipped":0,"pct":100}}
,"C:\\Users\\Administrator\\Desktop\\nestystayPLATFORM\\frontend\\src\\lib\\ui.ts": {"lines":{"total":1,"covered":1,"skipped":0,"pct":100},"functions":{"total":1,"covered":1,"skipped":0,"pct":100},"statements":{"total":1,"covered":1,"skipped":0,"pct":100},"branches":{"total":0,"covered":0,"skipped":0,"pct":100}}
,"C:\\Users\\Administrator\\Desktop\\nestystayPLATFORM\\frontend\\src\\pages\\CompletionPages.tsx": {"lines":{"total":720,"covered":0,"skipped":0,"pct":0},"functions":{"total":365,"covered":0,"skipped":0,"pct":0},"statements":{"total":872,"covered":0,"skipped":0,"pct":0},"branches":{"total":741,"covered":0,"skipped":0,"pct":0}}
,"C:\\Users\\Administrator\\Desktop\\nestystayPLATFORM\\frontend\\src\\pages\\ProductPages.tsx": {"lines":{"total":841,"covered":0,"skipped":0,"pct":0},"functions":{"total":414,"covered":0,"skipped":0,"pct":0},"statements":{"total":1023,"covered":0,"skipped":0,"pct":0},"branches":{"total":822,"covered":0,"skipped":0,"pct":0}}
,"C:\\Users\\Administrator\\Desktop\\nestystayPLATFORM\\frontend\\src\\pages\\PropertyManagerEnhancementHub.tsx": {"lines":{"total":40,"covered":0,"skipped":0,"pct":0},"functions":{"total":37,"covered":0,"skipped":0,"pct":0},"statements":{"total":79,"covered":0,"skipped":0,"pct":0},"branches":{"total":46,"covered":0,"skipped":0,"pct":0}}
,"C:\\Users\\Administrator\\Desktop\\nestystayPLATFORM\\frontend\\src\\pages\\PropertyManagerPages.tsx": {"lines":{"total":93,"covered":0,"skipped":0,"pct":0},"functions":{"total":124,"covered":0,"skipped":0,"pct":0},"statements":{"total":264,"covered":0,"skipped":0,"pct":0},"branches":{"total":156,"covered":0,"skipped":0,"pct":0}}
,"C:\\Users\\Administrator\\Desktop\\nestystayPLATFORM\\frontend\\src\\pages\\SpecScreens.tsx": {"lines":{"total":241,"covered":0,"skipped":0,"pct":0},"functions":{"total":154,"covered":0,"skipped":0,"pct":0},"statements":{"total":271,"covered":0,"skipped":0,"pct":0},"branches":{"total":185,"covered":0,"skipped":0,"pct":0}}
}
